10-30 13:32 INFO     Pocet jedinecnych ID v seznamu: 107
10-30 13:32 INFO     STAVOVY KOD HTTP 2xx: SUCCESS!
10-30 13:32 INFO     Radky v databazi u POSIdentu 64R47PeqD9SONivn8apY/qS/R7c5HB4Kcspi7xTJQ/JEHuykf8DhEZkRu0tIEVUNebT4LReS4NpT7sLVj84cw28Q9+wjXt+/x2JjtAEmGXE= aktualizovany
10-30 13:32 INFO     Radky v databazi u POSIdentu VFeRVqNwKQBFgxQOxaZ+UgjgMcgMADjLdrzHMTbEwclFxqgs9t3xBpsdmDhI/4aKa+tB1aLiYxs9GsyTYs/0JDKijCfHmV9pgX8IGU8ZdZU= aktualizovany
10-30 13:32 INFO     Radky v databazi u POSIdentu psGq9l14Woi29AYN5bHwdwC87wvSZom/L3I4Zk0LvAsATwAP8q17DvfOHIVP1PBlsU62HDEQ2F9KrEQuMn7VsxJHRsJVeMt4csqpVGBdLlE= aktualizovany
10-30 13:32 INFO     Radky v databazi u POSIdentu r/e02ptfcJ47n0rUY4NM60V96i9TRBDzNvb0Oox6yc6r/hPZaaHjOnljer2s/LRzOHlsHXRQHzM7DZsv0yKUcOORST4FNI4NZ+UyfQyyNHs= aktualizovany
10-30 13:32 INFO     Radky v databazi u POSIdentu uecJ/wWk2Ej6CAnwe3i0y+kW/NYimRi8J+7s8zgxHjFk1FMvT1+D0nvIKB3fqgrM6+/2XCv0kK+v+nXd+qPYwyoCJAogwq6iFGknkmS8vrfvIQr91UD4QyB810rt9DMZ aktualizovany
10-30 13:32 INFO     Radky v databazi u POSIdentu Vm+8vMmIsWsvcxR9zMDL9E25La0zWowZQlZKk5vSQG1LJ4kBn1mDiNLaqUVdAsKPl535A7Fv/zaD/G/9cTplaoWKT+jtRxS2PFJw4XGq1GM= aktualizovany
10-30 13:32 INFO     Radky v databazi u POSIdentu +VKfYaKhJDrRHUWeS2e7xMFjeFVGld3D7MQNJ3pNQwn6paZVLu4aptTG+3rV/4CH6Je07M62FoAKKSv7BtQoZOJE3v+Bvs1w3JvIpmp3XHY= aktualizovany
10-30 13:32 INFO     Radky v databazi u POSIdentu Z3anPBTLRy4YQTD0UgZkTHkUYllInO84rWOk+zs07TBd20Ra2IFnf3Ic1pvqwTJ4j/U9NKultmo1F7sxOjZtnD0ksgNyEsl0jnvLUzfg2vQLf6dTAXM7/DGLuxh4hB2N aktualizovany
10-30 13:32 INFO     Radky v databazi u POSIdentu 5XEbVUHVfI6OxlRPfJGQH08MWzUrWyI0G5JzjcTctkvJ0+7+oEZRGw1UqRQJxAAlSPeBXsA2f1vQahL1Mzz3O0+nWVxX/eU1MlZCez76Zng= aktualizovany
10-30 13:32 INFO     Radky v databazi u POSIdentu 8QZWq1vuQ1NdCHkoh0JT2yrdkFFF1Q1bTFCpV6D60lFdl1pJcHhzJmeuL2zy9SMS/6it4WN+kI9XCHcPfXzgdexxhbvzzNipBH/eOHJ4Ff0= aktualizovany
10-30 13:32 INFO     STAVOVY KOD HTTP 2xx: SUCCESS!
10-30 13:32 INFO     Radky v databazi u POSIdentu cc3RAb7ln/HyHThRavcVRV+IAWiXt818u3z1Kl1VAvu+PkDer08z6jVytkbTcfQfK4jgZU3InU1xMwNAIjyKC2tgH82r4aiVYJ0Xts4c928= aktualizovany
10-30 13:32 INFO     Radky v databazi u POSIdentu bWb6QEOjc94in0pmGSBFwc1p53D946H3Prwq/bTkaqYi2sQgdrHFIy4tdLPAToFlKYyoqqMTrCykz4cncmufjUTlN5Fv2jioYOS7QrQcIIg= aktualizovany
10-30 13:32 INFO     Radky v databazi u POSIdentu xEZvrXlG0ZciECwqZA8HsbWt75RX/lD/ZcWf66JG5RLO2PuDiQNOoBOotYJ9enDhS7kSs9iUDh+rDu+1YwBOxpO5XnyF6jCNutyCYEoLUfU= aktualizovany
10-30 13:32 INFO     Radky v databazi u POSIdentu m+o3Qoxrit4ZwyJIPjx3X788EOgtJieiZYw/eqwxTPERjsqLramxBhGoAaAnooYAliQoVBYy7Q7fN2cVAxsAoUoPFaReqsfYWOZJjMBj/6Q= aktualizovany
10-30 13:32 INFO     Radky v databazi u POSIdentu mSH6sS5yv6vA2jEOtyHeXaXIJpC2m0Ai56aKzsVmEphUNyjFQYgC8MOLnu3+3Zugm8JQW2AJqEJYcSiqXdPbnb/03PKgyNkYWaS876wv0tg= aktualizovany
10-30 13:32 INFO     Radky v databazi u POSIdentu xairWnG248pu7itR19AIT87mDFI8yY0K0ms7v/iDY679wQ4EN5bMhMPSTXxgWDxMWZ0IoV/ihjGkNMXeqXHrMZsEbHBTzD9RUIOXw5M1hmE= aktualizovany
10-30 13:32 INFO     Radky v databazi u POSIdentu 4m3Yuf1esDMzbgNGYW7kvzjlaZALZ3v3D7cXmxgCcFp0RerVtxqo8yb87oI0FBCtp49AycQ5NNI3vl+b+SEa+8SfmGU4sqBPH2pX/76wyBI= aktualizovany
10-30 13:32 INFO     Radky v databazi u POSIdentu BBgBQ2wok0L43hEZUEeieq8FrrQsT1SHIrpQBRwgLw2uTvTsXvGloIYnr+7J2z6t/hadCsyhcbxgrf47ByzpbY5TjyiUPxyXhlS73MKArjs= aktualizovany
10-30 13:32 INFO     Radky v databazi u POSIdentu ltTJU+/1imoqO4saz1ta1r88QGUxEkjRTfHUiC9Y9yfDKSM4c8soK/vz7bGd1JNwQPUiFayJQdLN0gPkusnnoNLo47RqbEoQxfg+eEuvTaQ= aktualizovany
10-30 13:32 INFO     Radky v databazi u POSIdentu OlVCtLEjQ+aNPyQNdT0JZOkkxvwl8t9DllRl/HiNx7G3QFyZnvKA4e2LBTSX+YuK41/rSMvAnm63ZeWPyZQCX77GuP1GZwwf2hVkKzVY/94= aktualizovany
10-30 13:32 INFO     STAVOVY KOD HTTP 2xx: SUCCESS!
10-30 13:32 INFO     Radky v databazi u POSIdentu KdSYyo8J1zUPVqxHUtY+tYA2w7krH9U+59hCYU8TXGZ06e74GGekPinyLtiSz+gO7ZmpWetCSaxvu1nXa6+t7w92wpqfa5jPpkfv5HF9MMA= aktualizovany
10-30 13:32 INFO     Radky v databazi u POSIdentu 5wQRil9Nd5KIrn5KWTf8+sksZslnMqy2tveDvYPIsd1cd9qHYs1V9d9uZVwBEVe5Sknvonhh+FDiaYEJa+RdHM3VtvGsIqsc2Hm3mX0xYfs= aktualizovany
10-30 13:32 INFO     Radky v databazi u POSIdentu UKcYWvUUTpNi8flxUzlm+Ss5iq0JV3CiStJSAMOk6xHFQncZraFeO9yj8OGraKiDJ8eLB0FegdXYuyYWsEXiv2H9ws95ezlKNTqR6ze7aOnR3a7NWzWJfe+R5VHfU13+ aktualizovany
10-30 13:32 INFO     Radky v databazi u POSIdentu zPeq/viI8Dc0WssYO5VehOjTUj56DHOZWa1xlp++U1pc3F9jjPz1HW8rJdMequ9zEx7xIDHlCx/IsD8a8BPdX+yiCBj00StHAPHWAtqcHFvwjy7CdLeuFD0zp1TjEdcO aktualizovany
10-30 13:32 INFO     Radky v databazi u POSIdentu neqUuNVqO4j95P+NofCPKPIcWOJ1hQxiesS35U7tpS5KjH0fp1KxFm4qg2mOxo1B9tYyUQ0h9pbupPj5SZjjkeIAxXxKQL/hKH6Gv+RdP9Y= aktualizovany
10-30 13:32 INFO     Radky v databazi u POSIdentu zmOpxLJr7ii9CZo8JeEAhgClKtzs1ceXtACvS1V+80Uc1kH72H2wy5S4RG8sAGkbieJQ7IHDFy/ECGWWT2S6P2XX6ro1wtt0Sd+mLUurtdo= aktualizovany
10-30 13:32 INFO     Radky v databazi u POSIdentu UtkReXE24+hFt9Wp0bqKaYyY33KnQa2tkYNOIzR5dX3tHpzIudf1PdyfuAk3LgW+SDOjAdZWRZHn6aFD70wBa53drIKBiauDp971QKRHkNI= aktualizovany
10-30 13:32 INFO     Radky v databazi u POSIdentu ii1ts7FFbqpo6yGBWGh1nNwJ8KPd/r3oTspqIf5h3vGTL0+oAwxVIG7n/vOELjL/uM85aT73nK73OFf/bSE0HCue39afCq2/dnb0+mUK5iE= aktualizovany
10-30 13:32 INFO     Radky v databazi u POSIdentu OnlsGwGAyTMPH15d9slPGLnfnhCG0pWW2IOj8lYi1AH4ubiik8lSqSSIvsalxIrKosGumhXTt7L2Z2ACwuVNFgoNi73TlcpNBBc0cN1rKss= aktualizovany
10-30 13:32 INFO     Radky v databazi u POSIdentu XHIBU/Os4CXjIriHfhjuJO0uS39rj7Cy2QERR1czcuBGc2lACMqQJJiwhqdXTVwoW4SxN9cgeUOY1nZVY995vfB5ru7qdk8muvNCe3CiVhY= aktualizovany
10-30 13:32 INFO     STAVOVY KOD HTTP 2xx: SUCCESS!
10-30 13:32 INFO     Radky v databazi u POSIdentu YSaRmQMUJtP5iHcBKPfOwCiKbAtCp8RZipCWM3wZ80Yzo18EjnTv2qhxy4YVSdx9RO8OiiXxy2hnHoWZwuAfCe2MRCQ09xCpm860h96PJ+c= aktualizovany
10-30 13:32 INFO     Radky v databazi u POSIdentu WpAGVIbtrw3p6Ic2ebTbXCHRMiixdCrvRFjOmWfbY175W4yiHP977wTo+SjDkCRnj4bPrxqLgcTDPpUBgtpakXI4Gk6t5lXwkndYpeYdxYM= aktualizovany
10-30 13:32 INFO     Radky v databazi u POSIdentu KhrNZfOu3UPVx0J3V8kMtVcqVSFSyD+Bl36RJUmXBfZfTFlGs1kHrrVhQ+m8AausukIlJGbJT4rjpAS3KVbku0SEHTRoFTXs63g/KzuYMPOWGZA/zLKRqN2lri5KT9rM aktualizovany
10-30 13:32 INFO     Radky v databazi u POSIdentu Fi39z7m2FANK18yYncVWlW+cvC+JYa5flvCbdjo098zCydH+J2lepB6T5n2ve32rOcJCIPVr9gZd5MMeKSZxV4iHZ1N5qhWpmnQeG9SSAiI= aktualizovany
10-30 13:32 INFO     Radky v databazi u POSIdentu f0Fq5zu50GTRnrkINyLmmzjlF0RlfZOIB+nHcY1TTKCVJp8Q4upKYUYSVH+du7e0ZUc6YnLuYv5d+MMEgFyBy/wzu07s/F/SDYadL4RiMAo= aktualizovany
10-30 13:32 INFO     Radky v databazi u POSIdentu jal/5GuoZ+/s2QkvrawUhJRYZr6wjBtFT3a5YfFpLfO0Sl6HMqxe2WPzMAmQYk/+o12GBZTFDXRnpHAquQOJB056iYSc7j1gQ36LCXfNkZM= aktualizovany
10-30 13:32 INFO     Radky v databazi u POSIdentu xocTMRuuiHIYwNN3v/RUpBpHZy905k4PUg0ByBs5AzqPUwGEMZV0P7xQBT8fR3+kNaI8zNNbTVv6x3LUvHmHmVTjThyJeuHC/7wP5/mo67A= aktualizovany
10-30 13:32 INFO     Radky v databazi u POSIdentu gJpTEEtVTpfXe97BVKt4Q8yLgTdQVjd/jf9HRypwbxP78KrooS73YQ2tQB/FZOg0JTXtrjtxjFV/Da85vocyS8niP19J9aLOj6hkcMdkMvU= aktualizovany
10-30 13:32 INFO     Radky v databazi u POSIdentu wpKK2F/BDnPKTx2S67hQVNDpm2wmNvl0anJnjNlgo4F5qx4RrgDpqdvyvhX6GtBupYoe4qmEw+zYsdTzz5lnKcoWav/xx/M+SeFNjo/BNsU= aktualizovany
10-30 13:32 INFO     Radky v databazi u POSIdentu 00ep7V5fFBZoFMeOfcAOPBscKT7cUf96ksQrbzLuHv6kaD1NuhTsK0HcNLOUqe1JHn4drSKMLh7ZdAtt31PQ3oHj/GzUX2/49MnBf4Pn8sMDILmxeD01QB1MOBNDiwcz aktualizovany
10-30 13:32 INFO     STAVOVY KOD HTTP 2xx: SUCCESS!
10-30 13:32 ERROR    POSIDENT g4EDGsOOSJKaTbLxdmmIcrUR4mhCtvu8K0SaOirKDXThyTcRHMsRDPDDVecEEZojDvMdd2tNYHf9ZRTWUPZ55s7RZOKwjCjaZ3253sp2o5Rpc7dh9Z98jOjrs6OblWgG: OPRAVNENY SUBJEKT NEEXISTUJE
10-30 13:32 INFO     Radky v databazi u POSIdentu MDJxuYEcvwdwAi1Fg0is3vLxW3+4Opqxo2QHH30oOjTHKcZwjBtbJuPJrahXNfx6u0gPfy/FXHrnd6CgFPzOeUsP8CyZp4aPqXuujusJtQo= aktualizovany
10-30 13:32 ERROR    POSIDENT o0V5H26cXD1+RFNrtHWDD0zU5x63vQJLGlSXS8kkA3UL0XWup5oJcHFBEuLVcCUX1iel3PuxUcPnb8WWpTVafVPi2ItACk8zpP1P6DSAKt7XSiTL8qbbdVgRG3Jr4xx5: OPRAVNENY SUBJEKT NEEXISTUJE
10-30 13:32 INFO     Radky v databazi u POSIdentu PtV2GbyZOZzpReCKf7eFnEHMRgNOZurHPc7HmSOXedTGOUlZWbdQdEge3ntw5F5qUM0yxYVd6qCC94Wp9wBBf+PmTyMldFSgXIZQSXxzEvKDk4Rlb5RVPd3/wK8U7dxi aktualizovany
10-30 13:32 INFO     Radky v databazi u POSIdentu i0/Tr+VNmKgY+wJydNVJbAEoKVVLT5CWKh2IaOOt/DkY82KD5icsdkmX2r8jt6i2R4uFJbclmrmKl48ZothVU2QgjGz9VUNtC2DhLFcr9kdweJVbEwmvYXNLE877i1rq aktualizovany
10-30 13:32 INFO     Radky v databazi u POSIdentu Gb3IKHXZw5X6rlulIcCK23PxwLIjWwpVJ+NmMn2LVCAAdOMsNIw99Wj+oEOpV2svsjAA3PnKnNPtoUVW5uhL8Ek0XXWoFgci8ON4FaVMWn8= aktualizovany
10-30 13:32 INFO     Radky v databazi u POSIdentu cWAf13LtjvC9SIY05qIFaSQHSGRCIQzTfhEmPSIUZobm1eyT5cJsbjcrrOjS0Y7pzW0qsdrRxZjARIR75Hn6G8cfZTeBfaQr2ZlhSUHwgJE= aktualizovany
10-30 13:32 INFO     Radky v databazi u POSIdentu 3ZendyrB5RiGiS5emPZ8oWNjHWvf4gnZwC3wOT5mHMVmj1CEi3h2RT2gfXehYCW5Q7fy6NnxmwuKoC1H0OAhkkLc0mjwmi1/30c1rjFXYYk= aktualizovany
10-30 13:32 INFO     Radky v databazi u POSIdentu hkL5rQrRg4S5vLOBt4eIJMH3f1dVEqQxppM6HXUycr7U92StiHMZK1O2Soojg8XVVDCiqcHHvXNrRM4OLr+bhJd/THXMrEXrQXCiWwzTfn0eEW8U0ybR6NIv23IajUcy aktualizovany
10-30 13:32 INFO     Radky v databazi u POSIdentu UyRKGvNtD3RY7g1F6Oa/uZlmVktYzq9DowCaf2G7S/DU4xqlwujkJt/rPQPJoGivDKNrkbcZimcyKODASYTkYl+rGI/T9ILChHaTAbo2cLs= aktualizovany
10-30 13:32 INFO     STAVOVY KOD HTTP 2xx: SUCCESS!
10-30 13:32 INFO     Radky v databazi u POSIdentu YmUx0yovmm7KUEMHfNDNpiZVsvpwj5TrY3BCRzo+N9KLgZYTPcp5ABehNBgXe90pWkP4jYlt0wx9d0ui4i1bOkTjM2x4IIq2Bb3JsXHLobk= aktualizovany
10-30 13:32 INFO     Radky v databazi u POSIdentu +lQ0Ne+Jhd5K4uvds1/KT+SoaUhcpe1+ZoJKKMLrUmSyykxy3MKi9YeNZUYXhSMnXYQ8W/+yhfD5tLrIwBk/UFuKXKNEzHsjLqyn2YW6FLA= aktualizovany
10-30 13:32 INFO     Radky v databazi u POSIdentu VdYFVbm+86uuL5NZSDUP9B6cir7Xv4B8yBq4uyvpXnl2SVIkIxXrgKytXjTG4nclE544LXjUTUEyG+7GGesvVouHHIKYKG4/QCA0b6TjzHdTDQPtElWKQG9oNFSTotz9 aktualizovany
10-30 13:32 INFO     Radky v databazi u POSIdentu 078yf28ANhKnYAoAfBZk6JcosYVuqw7Yur4O034D43mbGXGpgII10W2QLyyuxsOAARlsy6LTNYDEacOqFFowB/Kbi/ElbNuLIdgSI8LvNws= aktualizovany
10-30 13:32 INFO     Radky v databazi u POSIdentu l0raZybOozQ95JWgTnaQpriuB4IxZLBXsNS0PZc4m4mf2qd7Z6ptcR5PkHuuXd5+kAH4YpDzoTVjje+lNAOYwVa5XHkcvzSzIpfTh3xeh28= aktualizovany
10-30 13:32 INFO     Radky v databazi u POSIdentu iiEV2WxdTX+t1nEWFd7yaWGSs/1WFFuXs7FsGU21vkbRogegVoZWZ3XwMevF4edj0+sFlw15Xgpiy7gkMbOkGDtM9soLBAzFvOeXxhA5Kis= aktualizovany
10-30 13:32 INFO     Radky v databazi u POSIdentu yqpT3s/QygUWqCsg/azKys4eH9HgnrneCkf7s+5tCU4mVzAufrzub/yozz5Gc2JR9wRbCuULZtXowmjdJrpsEWytWFuspwxNfjSjxjkXSrE= aktualizovany
10-30 13:32 INFO     Radky v databazi u POSIdentu PJyPFR97UAJxoBdlsmjsH2lYpXkQdAlKKYf4n14XlqObPe2HoVuj+7irPlYgLJ63yyoYu1WTgQCzIRN5zTidnlzGKoQwAsXgVf7OoVLDMXY= aktualizovany
10-30 13:32 INFO     Radky v databazi u POSIdentu hMFmuv9xLKl7itElRb+ABBQSe9e3YJv1JmgYgNNx/Zxik1+9gaw7k6+CyNNieO75vkz6GryN+q7Y91m6bhJC+gZd+rlhbb2Lr8Q+2+2Njko= aktualizovany
10-30 13:32 INFO     Radky v databazi u POSIdentu tTP8WqxRGv8mdc7niazOGc1oh+0r8VFk1T/rJOlck3VbSuO1IUl/pmSid6VnbC94ZpLjuwdQ/Szb3VycnIQDr8mvlMPH6crz88lYOh4V9bs= aktualizovany
10-30 13:32 INFO     STAVOVY KOD HTTP 2xx: SUCCESS!
10-30 13:32 INFO     Radky v databazi u POSIdentu T/sOfNBmULfA5GzBpJRYu6wczeEqY9PMiEJqjItJfphE+kk1gEdpA1tlCs0gT8mb1fgDE/YnGLHDNRItCnghcpz4Dbmk2+GeI8bSjwge2qc= aktualizovany
10-30 13:32 INFO     Radky v databazi u POSIdentu 8bg+CXEGHarWp2oK+IfpUXXC5BvZO12PH+U352KGNy+N0ZHFb84S7pLdoqfRQ3bNvSAogey9XN0Sr9I2OoFXbj0wJIS+4Nyjvrj4DTVFdzU= aktualizovany
10-30 13:32 INFO     Radky v databazi u POSIdentu hYx9AoiwOYp3PeBhp6IQjyvNz0590N4tVxxt4Ob1B+1lDtTcpIC+hZ4stOeByd0oshTNPdZhJ3wjsXK2iFX25K5TefyzatRwCZuaRbUPiYQ= aktualizovany
10-30 13:32 INFO     Radky v databazi u POSIdentu hf/HqLIgE7zvLimKwDjWOfjFObH65Ev2HjkDcfkBe/OAfifJgNjyAMVZ8fnkAddPJa35+4hF2TtO3ZH9RXwOuX02JSvq98F1JS8dTeHodSw= aktualizovany
10-30 13:32 INFO     Radky v databazi u POSIdentu /AOrBGOFR+4GtqsAvOXC/4/EdRYW1Pg4L2FnKGmxEh9oexYYBufF/4KX/WLHKnQkxHBgMF+Qi59bG7ovKTlz3Y59mp99CZpeWh80QDBNfHU= aktualizovany
10-30 13:32 INFO     Radky v databazi u POSIdentu cD+k5i82mTXjR9/pvMQbIClTVirVdMujPFoun2TvULw5kKba2m5j1c8Si2ZRWLeI3XPIi2Wbw2UgBgJ0IRwhc3RdyjQd57PKqEl1Kl2HrY8= aktualizovany
10-30 13:32 INFO     Radky v databazi u POSIdentu bALPx2GbQF+oclIHg6WmRSZlDOCgT8jgUA75/sodRn3WrbsvW2UjSy8WzAZDzQDEy8Xnh78MYgflB3bj7YN4dIB1Yl5umc8Wl1eodzK1ZUM= aktualizovany
10-30 13:32 ERROR    POSIDENT SdB2fyORYqWU8StQGFHcfvYir+Sjaxqfkcnyvk4cGjZ30Kj4YZ2FTOmo8MbotRrNy+Gf/83eb+QkCaDd+xSlLxzP6qnOTnMEeyvmr0cxDp4=: OPRAVNENY SUBJEKT NEEXISTUJE
10-30 13:32 INFO     Radky v databazi u POSIdentu YoYw5r0/dk0UgEcID286wyQoY9cYdelOnpMEw2kswF0+qpp0DyC/+ij1wekQvg84ZZETwTFw9G7RKH3Wb6G97nVHfPhskJTtMnd1IKQGcCc= aktualizovany
10-30 13:32 INFO     Radky v databazi u POSIdentu JjjGmmAuY2r+vgvGvpKNjGj30sAn/jfyy4VRzGFA6QysdFCfcFuMPK1N2YcxO8pu/nHtFbxi62dbIC9/f5Xbf67p6PntcVdz3Njn02Zujks= aktualizovany
10-30 13:32 INFO     STAVOVY KOD HTTP 2xx: SUCCESS!
10-30 13:32 INFO     Radky v databazi u POSIdentu J0XZSVcq2fC4+FYE6P3FVhjjdLoUMrXTnmHfq9YPbYL2Sy/OihinBEBbGBx2VP90+7mcr81PbIESLtfgWfnlEVVSseNSYUN2Fmvcx/g9RSY= aktualizovany
10-30 13:32 INFO     Radky v databazi u POSIdentu fwdsUaxtVKyjWdhcx8QMuw9Ywtvv9T55lhMla7w7AqtdQBL8kYMvxsvyv2pGn0A1M79SXoEor2kfVEGyT/tMYSSzTkqHENa5JAlZLtSqcd0= aktualizovany
10-30 13:32 INFO     Radky v databazi u POSIdentu QbLYFV/XGTZN3skq8A77ix3mqWspwj1bx9mWIFb+9Drc2fTo29JCC9h7uRIycIqx7llS+zpJOC1kdeC4hjPPBw0eLJ2YChT/PxdLHvpKjJM= aktualizovany
10-30 13:32 INFO     Radky v databazi u POSIdentu tbRykjyqj07e8OWkHFm+S1OvUPG6vuZGceZ0IFELhbU2EA2Rm6d/m5PDLlCPOb7vif0m5S6qwsxdcIk9kObst/mA+vXsZUAKfRaE0BHtF+w= aktualizovany
10-30 13:32 INFO     Radky v databazi u POSIdentu lWpFU3UmWlpSe8TtpUMRBPQE91GjOWt5dwYrq3BYv1VmNVQmmMkfgclvHOwVt+vUYmvV8Jg7276degQYlGOTjx4MvKz7InL/vha7OdnK/ds= aktualizovany
10-30 13:32 INFO     Radky v databazi u POSIdentu mDkas+QvEOd4+XBxuIW4DZGMdtqcgFxXBhQwcde+qtDsqRCpcCO5IEm4bTIZwf6AaJxw7SF4xoE4O0yfMaYhvuqHmIIdfWEsezkGRWjvmEE= aktualizovany
10-30 13:32 INFO     Radky v databazi u POSIdentu /ipU68hnjrq1J7ZDi4JBaGloYLaxU2mef3KLjZzjxz2UCbQw6jKGZ3X3HXGtziAstJSprCrlMgZN3Uqzzfho1wdlRhrBG3VMEzJpGcTTJIY= aktualizovany
10-30 13:32 INFO     Radky v databazi u POSIdentu iXuo5APMiSDKHjvq6Zwp44oI+zSW2dJp1WO+ScrzhO83x2LP0xReVbUceB6YI8I0lgRGkgJAApxqYItDSrcf0cEMHzTvBWn9CvzjrUnP4BI= aktualizovany
10-30 13:32 INFO     Radky v databazi u POSIdentu a4uuL5087aAkDOdoVblOSpnublyTjoEvmTpBX7Z8gPk1cGEle+QheYUlCQhk4t3eUJ9wXdFPjvoZpGlFdZLK/STQrznCV8C9jtMUrL8uTAo= aktualizovany
10-30 13:32 INFO     Radky v databazi u POSIdentu FxrmEj8jkUJ9rfUt8DkkVBItIvFwDlq41Bvzt6ji48briBAIRwe5PyqsuZasgTCtBr83sfercJwpbxvo2P8T3dbCVN3Y/Q7NlDuKZGBZAiw= aktualizovany
10-30 13:32 INFO     STAVOVY KOD HTTP 2xx: SUCCESS!
10-30 13:32 INFO     Radky v databazi u POSIdentu W6gjRuthAEnH1o8Yu7Zc0lU7Ne+Mmfpg8+t+ghUjFk/BaNpxiouTj4ew6Ah/Le/GzncymEagoNVQ5iO4tmhm2i+bCsUV6pZxrteUXG/9Eos= aktualizovany
10-30 13:32 INFO     Radky v databazi u POSIdentu SI/WjbMksk0HBoUSFb0r0LFcki6En0o0qty8c0tKvSLvY2C9ASQ5pIAtmrtABQ9MfTbyuyFuYkaiCP0I2ahBZ0WSg0y/SpNfiMF4AEdpO1U= aktualizovany
10-30 13:32 INFO     Radky v databazi u POSIdentu JsnHnHK89vL/0oCWFbmIwxHsrg33nfyoQyL4Sr+WIs+smhahF6Txbsa6ELK8FePO29itgICQYef3LIcbGaZ6hXzQUGQ2yv8uE/qYKr85LW0= aktualizovany
10-30 13:32 INFO     Radky v databazi u POSIdentu 2fa9YZ/g+IACqr1Etk+QISpL9d6xAgGv9ehh//G5wYmpTgw6ScosOMoO/XrMQ4/iueoE5gO1XXg3Vz6jMrCTmMnpC0VsacjJTkTo2imP8HY= aktualizovany
10-30 13:32 INFO     Radky v databazi u POSIdentu AGLNrRX8gxMGgFxc57odWbW7lZAZ3DlvsladWARuDv7Zi1Poz4co7b/ot5Z2+AWpAU1s9mkzgMUZN8rAFg9WLOHcg3hBokJHEsSAI8Dax2o= aktualizovany
10-30 13:32 INFO     Radky v databazi u POSIdentu H6BJyag+3cV1xBsFPBuuihKMV3FTZPvigGGrAIyKIzYLF0J+l0kwXVnm3N02HPgKItlNiQSIgQIQxurjJybiEpdqqTrMLwh9t+n6MjvqrdeiPh/Vwhqo1hkMjUQv2bij aktualizovany
10-30 13:32 INFO     Radky v databazi u POSIdentu CVikHowKhw3xouJMIqJHZIJldi4KNwh2MqLwGlz6pZfeZEuAqImRKclv4tzj3E6IijNd7ExcpF9alNkD6KhfOWxkqfbE330Uei9IP6cgDao= aktualizovany
10-30 13:32 INFO     Radky v databazi u POSIdentu Ym8cWfYJCf8Urrv3bW6nwUJcPxszDeucSbn9lU5+t41cWxO0MJJmfGVLRQOiD53jxQw0XApjpkmZ9RvnRv1X4Enlt5jCuLBahK7jh9uEgqA= aktualizovany
10-30 13:32 INFO     Radky v databazi u POSIdentu OSAJs7W4HqDew0srlaev6cggRYA9XQN/hVCKCKcmOXMThdUC8W95OXy/OA35RPRz4YJ5x8R39Y9858GBd72Y3pyrxFTDG1KtKb4J/9RAI8g= aktualizovany
10-30 13:32 INFO     Radky v databazi u POSIdentu DqJj5oG/KEn8Q/Q6Kyh4kNL7mPwgFg6S+Yi63kGy/5ol+Uqj2BZpc8nCc8uH3y9+DKLwSpEk5gM3DCzsif4SXOm+DKU2UC8b4NAIkPxVLpk= aktualizovany
10-30 13:33 INFO     STAVOVY KOD HTTP 2xx: SUCCESS!
10-30 13:33 INFO     Radky v databazi u POSIdentu 4/09lLuaNar2b8ZrhcyqhRguh9EZlg6A8BQAVrGyBmdPFmt5PhslylS73oJ7lpblpUz4iDC4vpG9TMNAwhp++lxDwmOSNYgeTwNTay67NZU= aktualizovany
10-30 13:33 INFO     Radky v databazi u POSIdentu 7TsaZA7GFeEVxMscggvr2EG+8r/pXVdcDn7S2vS29MHabTM0tqR/K36WPbgSvqBoMVzP0gz+zwEP7aOjLhzYHMBz/4Ns8o81ucLVl5L2/gg= aktualizovany
10-30 13:33 INFO     Radky v databazi u POSIdentu MkyPxftPwByPP/3T9U6meYJvFAKaOkLg1Yeb3NC/2tD4q38qMCbbk69kMm/+vdJuCZ23RFqmx4r7dC9prpbmxcl9+bqGfig/XhtBGcFyX2s= aktualizovany
10-30 13:33 INFO     Radky v databazi u POSIdentu 4fX93lhUET5sT1ayzq9OpWkFMsp9IkEofA0fKB9jtwjjFYth2WXcp0Aem2/YpkKn0TJwafOxs5YSmazihYiRSaQXLrS15o/qS57TCNmiouY= aktualizovany
10-30 13:33 INFO     Radky v databazi u POSIdentu NezMzNG/s2Rz33QBJ/J9xIS5H5rcgALTE8bz+JRxG+KqGjDmJlq8PfV4tAXcmZpOZ8H/8gt+t++pWd93xCDTnzBtt7TP71CgsH+4N2lAcIE= aktualizovany
10-30 13:33 INFO     Radky v databazi u POSIdentu 1fvxg03sxZo/hSaLM7LwwzPzvtkdzyRLjYspEuCC+awOIAFINH4xC+KRipTeMQNwcFkp5pbcdGhi4ejqP4L73huK+9/JDI+t2KpMlMd+7P4= aktualizovany
10-30 13:33 INFO     Radky v databazi u POSIdentu nG1j9b9eZx7u/iGrTPtgGePfhWWldw22wD4ynssUN3MYreT+lZ0q3WIhligNFOfi1jc47DNgBXjJH9v0wWkE2rkqjwGUWeyajidK7XJ9D0E= aktualizovany
10-30 13:33 INFO     Radky v databazi u POSIdentu xJxa+PcfvdT7SIrl7ltvSLR9Gc02gmxfQM6N53Xg8XYeGNQt5/cNEvvRpk23FqLLoEwKXXOPT2nV5rlmO/lPRK0stI1BJ4ZdE5zniQ2o27E= aktualizovany
10-30 13:33 INFO     Radky v databazi u POSIdentu J3hMa2yksIRcQaD51HVTH+jS6j5wtxaR6cY07AtCyzfPodl4RihHKtq7xR48gK3mVcb8pO6sgb3rj64dQNtC6xMl6HfQdAgDKcMY3lDACik= aktualizovany
10-30 13:33 INFO     Radky v databazi u POSIdentu zjQFHCstHaYtYTIi9hORZUM4ucW4T93nNHc3Aj1piEqlTAwaqOMzj0lwDvjBQoHXplVNBSuOcc8cQlQYrootj85RzLOmVbNSlmYacWXtc8s= aktualizovany
10-30 13:33 INFO     STAVOVY KOD HTTP 2xx: SUCCESS!
10-30 13:33 INFO     Radky v databazi u POSIdentu 3aW3srZ5a3T/ChIj+sdMrF81zkfWFxeK5DhVUrSKTbBw46gylbdXXNV7mRSar07Y0XbZHNg1LpXhwc+5A6FgFZYImS+T8qNt9to4LMMoJJM= aktualizovany
10-30 13:33 INFO     Radky v databazi u POSIdentu q4ZUhGQGivshfEEsiHkiC/Z/WMhqXqfp2rjvYC3QPEo2tq4scG+gserbW/RD4b6Ak8/l5BZVYmFigZPKPnuE8FdABd+xHvj6UtvBAGftfu0= aktualizovany
10-30 13:33 INFO     Radky v databazi u POSIdentu 1icyYJRr8366DjQYyqdj/RsgzSmUUODcxzYRO/yxkVQLtSyllEbwVT5rDfIENIv3DHuzcyCJmYTDoZYdeQTAP0K8dHlwqEQlqc8S7EEQRzE= aktualizovany
10-30 13:33 INFO     Radky v databazi u POSIdentu KT0rdHsWxrS4WVWKRhvDWF4wohAl7ptbymQtM7+Oce8Dh4qUSBxwaQjCUwVJObc8w7k7HygPHU++poV/JZY1guHPI5CVtwc7uFVekn8Uifk= aktualizovany
10-30 13:33 INFO     Radky v databazi u POSIdentu EGgfRTDVb68syXhEmpfl6VyVfGFM/wOpgHUxqfmd7w/pW/n27IKW7NykhMIZDxPcCW6Koph/c0hRt9aBD0hZI6QAnDoYU00riM14VbzHgdc= aktualizovany
10-30 13:33 INFO     Radky v databazi u POSIdentu Y+s9bH0/ld/NLE4dOgaHgpP8aqkP5KFqTnXre6aAZmh3p+E/w0+ZN8JSfT34toCMfo+veVuowB7N2RwNhxIPuIBx18KRsX47xEO2jxrL02A= aktualizovany
10-30 13:33 INFO     Radky v databazi u POSIdentu rPKv7V+fiEfstUB0S6cpEQi7IBT2muAaLzF23+kw5m7LvXnqZ4Uery1yyng1sNRncVlCHAPH8HouHZ0CM4SI40RF6O1dwwbVUuhOpgBxtDs= aktualizovany
10-30 13:33 INFO     Rozdeleno do 11 pozadavku
10-30 13:33 INFO     Pocet uspesne stazenych posidentu: 104 
10-30 13:33 INFO     Neplatny identifikator: 0x.
10-30 13:33 INFO     Expirovany identifikator: 0x.
10-30 13:33 INFO     Opravneny subjekt neexistuje: 3x.
