2021-11-27 11:21:04,059 INFO     
2021-11-27 11:21:04,069 INFO     Požadovaná akce byla úspěšně provedena.
2021-11-27 11:21:04,082 INFO     ID sestavy: 146423756011
2021-11-27 11:21:04,088 INFO     Nazev sestavy: Cenové údaje podle katastrálního území
2021-11-27 11:21:04,089 INFO     Datum pozadavku: 2021-11-27T18:21:04
2021-11-27 11:21:04,091 INFO     Datum spusteni: 2021-11-27T18:21:04
2021-11-27 11:21:04,098 INFO     Stav sestavy: čeká
2021-11-27 11:21:04,100 INFO     Format sestavy: zip
2021-11-27 11:21:04,398 INFO     
2021-11-27 11:21:04,405 INFO     Požadovaná akce byla úspěšně provedena.
2021-11-27 11:21:04,410 INFO     ID sestavy: 146423756011
2021-11-27 11:21:04,416 INFO     Nazev sestavy: Cenové údaje podle katastrálního území
2021-11-27 11:21:04,418 INFO     Pocet jednotek: 3
2021-11-27 11:21:04,421 INFO     Pocet stran: 3
2021-11-27 11:21:04,425 INFO     Cena: 15
2021-11-27 11:21:04,429 INFO     Datum pozadavku: 2021-11-27T18:21:04
2021-11-27 11:21:04,433 INFO     Datum spusteni: 2021-11-27T18:21:04
2021-11-27 11:21:04,437 INFO     Datum vytvoreni: 2021-11-27T18:21:04
2021-11-27 11:21:04,438 INFO     Stav sestavy: zpracován
2021-11-27 11:21:04,446 INFO     Format sestavy: zip
2021-11-27 11:21:04,446 INFO     Elektronicka znacka: n
2021-11-27 11:21:04,823 INFO     
2021-11-27 11:21:04,832 INFO     Požadovaná akce byla úspěšně provedena.
2021-11-27 11:21:04,839 INFO     ID sestavy: 146423756011
2021-11-27 11:21:04,841 INFO     Nazev sestavy: Cenové údaje podle katastrálního území
2021-11-27 11:21:04,849 INFO     Pocet jednotek: 3
2021-11-27 11:21:04,861 INFO     Pocet stran: 3
2021-11-27 11:21:04,862 INFO     Cena: 15
2021-11-27 11:21:04,865 INFO     Datum pozadavku: 2021-11-27T18:21:04
2021-11-27 11:21:04,868 INFO     Datum spusteni: 2021-11-27T18:21:04
2021-11-27 11:21:04,872 INFO     Datum vytvoreni: 2021-11-27T18:21:04
2021-11-27 11:21:04,873 INFO     Stav sestavy: zaúčtován
2021-11-27 11:21:04,881 INFO     Format sestavy: zip
2021-11-27 11:21:04,888 INFO     Elektronicka znacka: n
2021-11-27 11:21:04,925 INFO     Vystupni soubor je k dispozici zde: /home/linwe/pywsdp/data/output/cen_udaje_11_21_04_27_11_2021.zip
2021-11-27 11:21:05,252 INFO     
2021-11-27 11:21:05,262 INFO     Požadovaná akce byla úspěšně provedena.
