2021-10-14 08:18:35,758 INFO     POSIDENT m+o3Qoxrit4ZwyJIPjx3X788EOgtJieiZYw/eqwxTPERjsqLramxBhGoAaAnooYAliQoVBYy7Q7fN2cVAxsAoUoPFaReqsfYWOZJjMBj/6Q= EXPIROVANY IDENTIFIKATOR
2021-10-14 08:18:35,763 INFO     POSIDENT 
mSH6sS5yv6vA2jEOtyHeXaXIJpC2m0Ai56aKzsVmEphUNyjFQYgC8MOLnu3+3Zugm8JQW2AJqEJYcSiqXdPbnb/03PKgyNkYWaS876wv0tg= EXPIROVANY IDENTIFIKATOR
2021-10-14 08:18:35,774 INFO     POSIDENT 
xairWnG248pu7itR19AIT87mDFI8yY0K0ms7v/iDY679wQ4EN5bMhMPSTXxgWDxMWZ0IoV/ihjGkNMXeqXHrMZsEbHBTzD9RUIOXw5M1hmE= EXPIROVANY IDENTIFIKATOR
2021-10-14 08:18:35,776 INFO     POSIDENT 
4m3Yuf1esDMzbgNGYW7kvzjlaZALZ3v3D7cXmxgCcFp0RerVtxqo8yb87oI0FBCtp49AycQ5NNI3vl+b+SEa+8SfmGU4sqBPH2pX/76wyBI= EXPIROVANY IDENTIFIKATOR
2021-10-14 08:18:35,779 INFO     POSIDENT 
BBgBQ2wok0L43hEZUEeieq8FrrQsT1SHIrpQBRwgLw2uTvTsXvGloIYnr+7J2z6t/hadCsyhcbxgrf47ByzpbY5TjyiUPxyXhlS73MKArjs= EXPIROVANY IDENTIFIKATOR
2021-10-14 08:18:35,788 INFO     POSIDENT 
ltTJU+/1imoqO4saz1ta1r88QGUxEkjRTfHUiC9Y9yfDKSM4c8soK/vz7bGd1JNwQPUiFayJQdLN0gPkusnnoNLo47RqbEoQxfg+eEuvTaQ= EXPIROVANY IDENTIFIKATOR
2021-10-14 08:18:35,792 INFO     POSIDENT 
OlVCtLEjQ+aNPyQNdT0JZOkkxvwl8t9DllRl/HiNx7G3QFyZnvKA4e2LBTSX+YuK41/rSMvAnm63ZeWPyZQCX77GuP1GZwwf2hVkKzVY/94= EXPIROVANY IDENTIFIKATOR
2021-10-14 08:18:35,798 INFO     POSIDENT 
KdSYyo8J1zUPVqxHUtY+tYA2w7krH9U+59hCYU8TXGZ06e74GGekPinyLtiSz+gO7ZmpWetCSaxvu1nXa6+t7w92wpqfa5jPpkfv5HF9MMA= EXPIROVANY IDENTIFIKATOR
2021-10-14 08:18:35,801 INFO     POSIDENT 
5wQRil9Nd5KIrn5KWTf8+sksZslnMqy2tveDvYPIsd1cd9qHYs1V9d9uZVwBEVe5Sknvonhh+FDiaYEJa+RdHM3VtvGsIqsc2Hm3mX0xYfs= EXPIROVANY IDENTIFIKATOR
2021-10-14 08:18:35,802 INFO     POSIDENT 
UKcYWvUUTpNi8flxUzlm+Ss5iq0JV3CiStJSAMOk6xHFQncZraFeO9yj8OGraKiDJ8eLB0FegdXYuyYWsEXiv2H9ws95ezlKNTqR6ze7aOnR3a7NWzWJfe+R5VHfU13+
 EXPIROVANY IDENTIFIKATOR
2021-10-14 08:18:35,807 INFO     Pocet dotazovanych posidentu: 10.
2021-10-14 08:18:35,808 INFO     Pocet pozadavku do ktereho byl dotaz rozdelen: 1.
2021-10-14 08:18:35,809 INFO     Pocet uspesne stazenych posidentu: 0
2021-10-14 08:18:35,810 INFO     Neplatny identifikator: 0x.
2021-10-14 08:18:35,815 INFO     Expirovany identifikator: 10x.
2021-10-14 08:18:35,815 INFO     Opravneny subjekt neexistuje: 0x.
2021-10-14 08:18:36,370 INFO     POSIDENT uecJ/wWk2Ej6CAnwe3i0y0jfrp9Xr1oMVJ+9kLKpkU8trb/GSsJmcvNw7XJ0dzNpkKLYrpaxDPIVMKGKnG/ZMzSYtEOoqKGnRHhbt/PXjUr/RJzL4O5LlsS30GNP3Kka USPESNE STAZEN
2021-10-14 08:18:36,378 INFO     POSIDENT 
Vm+8vMmIsWsvcxR9zMDL9Cy+E0ZgHj9AJ3kwMqaLxguXn6wJcfM3e3LWpd7RzRxm3woikNUtGPF45crUFMpAsfsa/Bmx4YzTqTFCj0vhoQY= USPESNE STAZEN
2021-10-14 08:18:36,384 INFO     POSIDENT 
T/sOfNBmULfA5GzBpJRYu3UWEwhw4PFYydRQSh7x1PSc4RTRLXYaXTfpbt2Da17zSJPbQDKce+cHMMQVCVBRj9+U8wwRYYTBTgLsWbpMpuY= USPESNE STAZEN
2021-10-14 08:18:36,389 INFO     POSIDENT 
lWpFU3UmWlpSe8TtpUMRBCFflbRtrT1aEpzxnv1MEXnpCGhTicndBKbyJjsfMJMdgH+U78n9GU5DNm6bXxNhnC2JU2MIzwpJObcy4n2Baqk= USPESNE STAZEN
2021-10-14 08:18:36,393 INFO     POSIDENT 
mDkas+QvEOd4+XBxuIW4Da3aEEdBAod5OJM/9la0ivdkMk7DTs9DqRZEI5Lc3wAC7Yb1sw4kp/JEFP3nnG2ZcPT36EJYO+EfrC0OlzewTfM= USPESNE STAZEN
2021-10-14 08:18:36,396 INFO     POSIDENT 
7TsaZA7GFeEVxMscggvr2LkRAZwqfDywZ9HtkoX92fdNI/VFseD7SjfY8rJ7IlS7o2MG7D4mG56FZUTFOUWW7a5GeMmtDAasGLtodOgvIOA= USPESNE STAZEN
2021-10-14 08:18:36,401 INFO     POSIDENT 
yqpT3s/QygUWqCsg/azKypTOTOuJdbjB/16kQv0m5uugaHFJh8Mtp2i7sCdt71GRZixdYAzCVqEa4mNgvEjDECGf0Fby1B2nv1NdlyFQPrg= USPESNE STAZEN
2021-10-14 08:18:36,406 INFO     POSIDENT 
Z3anPBTLRy4YQTD0UgZkTJ+keVuWZ8j50lI8whQPyaERWuqwwnwsnvPL5JvmjhqosP5ukUJEFe29IEnCIx6/MSQ0jCVnAyGflCmCnQBnc3JQLWVD9vLnWZYbgp+9oL3r USPESNE STAZEN
2021-10-14 08:18:36,408 INFO     POSIDENT 
i0/Tr+VNmKgY+wJydNVJbCob8vQemEnjdn3A2r2ffhs8dz4IHH2H2AVcFvTyEOe3ci6MD33ZHXqEu8Lr8L1xtG3SHwhy2TBVM3bEa6vFpMbxj5wBXmFfT/QAGRrOqWBN USPESNE STAZEN
2021-10-14 08:18:36,415 INFO     POSIDENT 
/AOrBGOFR+4GtqsAvOXC/3kKd0OCEPBVRfEsIPHeW3CoGcU1dio8gmrulsH5/KEvySRvbRT2hlDOXICKukDLldMgNY5z+yASe8F1rqBlKug=
 USPESNE STAZEN
2021-10-14 08:18:36,419 INFO     Radky v csv u POSIdentu uecJ/wWk2Ej6CAnwe3i0y0jfrp9Xr1oMVJ+9kLKpkU8trb/GSsJmcvNw7XJ0dzNpkKLYrpaxDPIVMKGKnG/ZMzSYtEOoqKGnRHhbt/PXjUr/RJzL4O5LlsS30GNP3Kka aktualizovany
2021-10-14 08:18:36,420 INFO     Radky v csv u POSIdentu 
Vm+8vMmIsWsvcxR9zMDL9Cy+E0ZgHj9AJ3kwMqaLxguXn6wJcfM3e3LWpd7RzRxm3woikNUtGPF45crUFMpAsfsa/Bmx4YzTqTFCj0vhoQY= aktualizovany
2021-10-14 08:18:36,421 INFO     Radky v csv u POSIdentu 
T/sOfNBmULfA5GzBpJRYu3UWEwhw4PFYydRQSh7x1PSc4RTRLXYaXTfpbt2Da17zSJPbQDKce+cHMMQVCVBRj9+U8wwRYYTBTgLsWbpMpuY= aktualizovany
2021-10-14 08:18:36,426 INFO     Radky v csv u POSIdentu 
lWpFU3UmWlpSe8TtpUMRBCFflbRtrT1aEpzxnv1MEXnpCGhTicndBKbyJjsfMJMdgH+U78n9GU5DNm6bXxNhnC2JU2MIzwpJObcy4n2Baqk= aktualizovany
2021-10-14 08:18:36,429 INFO     Radky v csv u POSIdentu 
mDkas+QvEOd4+XBxuIW4Da3aEEdBAod5OJM/9la0ivdkMk7DTs9DqRZEI5Lc3wAC7Yb1sw4kp/JEFP3nnG2ZcPT36EJYO+EfrC0OlzewTfM= aktualizovany
2021-10-14 08:18:36,430 INFO     Radky v csv u POSIdentu 
7TsaZA7GFeEVxMscggvr2LkRAZwqfDywZ9HtkoX92fdNI/VFseD7SjfY8rJ7IlS7o2MG7D4mG56FZUTFOUWW7a5GeMmtDAasGLtodOgvIOA= aktualizovany
2021-10-14 08:18:36,437 INFO     Radky v csv u POSIdentu 
yqpT3s/QygUWqCsg/azKypTOTOuJdbjB/16kQv0m5uugaHFJh8Mtp2i7sCdt71GRZixdYAzCVqEa4mNgvEjDECGf0Fby1B2nv1NdlyFQPrg= aktualizovany
2021-10-14 08:18:36,437 INFO     Radky v csv u POSIdentu 
Z3anPBTLRy4YQTD0UgZkTJ+keVuWZ8j50lI8whQPyaERWuqwwnwsnvPL5JvmjhqosP5ukUJEFe29IEnCIx6/MSQ0jCVnAyGflCmCnQBnc3JQLWVD9vLnWZYbgp+9oL3r aktualizovany
2021-10-14 08:18:36,438 INFO     Radky v csv u POSIdentu 
i0/Tr+VNmKgY+wJydNVJbCob8vQemEnjdn3A2r2ffhs8dz4IHH2H2AVcFvTyEOe3ci6MD33ZHXqEu8Lr8L1xtG3SHwhy2TBVM3bEa6vFpMbxj5wBXmFfT/QAGRrOqWBN aktualizovany
2021-10-14 08:18:36,443 INFO     Radky v csv u POSIdentu 
/AOrBGOFR+4GtqsAvOXC/3kKd0OCEPBVRfEsIPHeW3CoGcU1dio8gmrulsH5/KEvySRvbRT2hlDOXICKukDLldMgNY5z+yASe8F1rqBlKug=
 aktualizovany
2021-10-14 08:18:36,444 INFO     Pocet dotazovanych posidentu: 10.
2021-10-14 08:18:36,449 INFO     Pocet pozadavku do ktereho byl dotaz rozdelen: 1.
2021-10-14 08:18:36,450 INFO     Pocet uspesne stazenych posidentu: 10
2021-10-14 08:18:36,452 INFO     Neplatny identifikator: 0x.
2021-10-14 08:18:36,457 INFO     Expirovany identifikator: 0x.
2021-10-14 08:18:36,458 INFO     Opravneny subjekt neexistuje: 0x.
2021-10-14 08:26:16,165 INFO     POSIDENT m+o3Qoxrit4ZwyJIPjx3X788EOgtJieiZYw/eqwxTPERjsqLramxBhGoAaAnooYAliQoVBYy7Q7fN2cVAxsAoUoPFaReqsfYWOZJjMBj/6Q= EXPIROVANY IDENTIFIKATOR
2021-10-14 08:26:16,177 INFO     POSIDENT 
mSH6sS5yv6vA2jEOtyHeXaXIJpC2m0Ai56aKzsVmEphUNyjFQYgC8MOLnu3+3Zugm8JQW2AJqEJYcSiqXdPbnb/03PKgyNkYWaS876wv0tg= EXPIROVANY IDENTIFIKATOR
2021-10-14 08:26:16,179 INFO     POSIDENT 
xairWnG248pu7itR19AIT87mDFI8yY0K0ms7v/iDY679wQ4EN5bMhMPSTXxgWDxMWZ0IoV/ihjGkNMXeqXHrMZsEbHBTzD9RUIOXw5M1hmE= EXPIROVANY IDENTIFIKATOR
2021-10-14 08:26:16,182 INFO     POSIDENT 
4m3Yuf1esDMzbgNGYW7kvzjlaZALZ3v3D7cXmxgCcFp0RerVtxqo8yb87oI0FBCtp49AycQ5NNI3vl+b+SEa+8SfmGU4sqBPH2pX/76wyBI= EXPIROVANY IDENTIFIKATOR
2021-10-14 08:26:16,185 INFO     POSIDENT 
BBgBQ2wok0L43hEZUEeieq8FrrQsT1SHIrpQBRwgLw2uTvTsXvGloIYnr+7J2z6t/hadCsyhcbxgrf47ByzpbY5TjyiUPxyXhlS73MKArjs= EXPIROVANY IDENTIFIKATOR
2021-10-14 08:26:16,190 INFO     POSIDENT 
ltTJU+/1imoqO4saz1ta1r88QGUxEkjRTfHUiC9Y9yfDKSM4c8soK/vz7bGd1JNwQPUiFayJQdLN0gPkusnnoNLo47RqbEoQxfg+eEuvTaQ= EXPIROVANY IDENTIFIKATOR
2021-10-14 08:26:16,193 INFO     POSIDENT 
OlVCtLEjQ+aNPyQNdT0JZOkkxvwl8t9DllRl/HiNx7G3QFyZnvKA4e2LBTSX+YuK41/rSMvAnm63ZeWPyZQCX77GuP1GZwwf2hVkKzVY/94= EXPIROVANY IDENTIFIKATOR
2021-10-14 08:26:16,201 INFO     POSIDENT 
KdSYyo8J1zUPVqxHUtY+tYA2w7krH9U+59hCYU8TXGZ06e74GGekPinyLtiSz+gO7ZmpWetCSaxvu1nXa6+t7w92wpqfa5jPpkfv5HF9MMA= EXPIROVANY IDENTIFIKATOR
2021-10-14 08:26:16,202 INFO     POSIDENT 
5wQRil9Nd5KIrn5KWTf8+sksZslnMqy2tveDvYPIsd1cd9qHYs1V9d9uZVwBEVe5Sknvonhh+FDiaYEJa+RdHM3VtvGsIqsc2Hm3mX0xYfs= EXPIROVANY IDENTIFIKATOR
2021-10-14 08:26:16,206 INFO     POSIDENT 
UKcYWvUUTpNi8flxUzlm+Ss5iq0JV3CiStJSAMOk6xHFQncZraFeO9yj8OGraKiDJ8eLB0FegdXYuyYWsEXiv2H9ws95ezlKNTqR6ze7aOnR3a7NWzWJfe+R5VHfU13+
 EXPIROVANY IDENTIFIKATOR
2021-10-14 08:26:16,207 INFO     Pocet dotazovanych posidentu: 10.
2021-10-14 08:26:16,211 INFO     Pocet pozadavku do ktereho byl dotaz rozdelen: 1.
2021-10-14 08:26:16,212 INFO     Pocet uspesne stazenych posidentu: 0
2021-10-14 08:26:16,214 INFO     Neplatny identifikator: 0x.
2021-10-14 08:26:16,215 INFO     Expirovany identifikator: 10x.
2021-10-14 08:26:16,222 INFO     Opravneny subjekt neexistuje: 0x.
2021-10-14 08:26:59,415 INFO     POSIDENT uecJ/wWk2Ej6CAnwe3i0y0jfrp9Xr1oMVJ+9kLKpkU8trb/GSsJmcvNw7XJ0dzNpkKLYrpaxDPIVMKGKnG/ZMzSYtEOoqKGnRHhbt/PXjUr/RJzL4O5LlsS30GNP3Kka USPESNE STAZEN
2021-10-14 08:26:59,422 INFO     POSIDENT 
Vm+8vMmIsWsvcxR9zMDL9Cy+E0ZgHj9AJ3kwMqaLxguXn6wJcfM3e3LWpd7RzRxm3woikNUtGPF45crUFMpAsfsa/Bmx4YzTqTFCj0vhoQY= USPESNE STAZEN
2021-10-14 08:26:59,428 INFO     POSIDENT 
T/sOfNBmULfA5GzBpJRYu3UWEwhw4PFYydRQSh7x1PSc4RTRLXYaXTfpbt2Da17zSJPbQDKce+cHMMQVCVBRj9+U8wwRYYTBTgLsWbpMpuY= USPESNE STAZEN
2021-10-14 08:26:59,435 INFO     POSIDENT 
lWpFU3UmWlpSe8TtpUMRBCFflbRtrT1aEpzxnv1MEXnpCGhTicndBKbyJjsfMJMdgH+U78n9GU5DNm6bXxNhnC2JU2MIzwpJObcy4n2Baqk= USPESNE STAZEN
2021-10-14 08:26:59,438 INFO     POSIDENT 
mDkas+QvEOd4+XBxuIW4Da3aEEdBAod5OJM/9la0ivdkMk7DTs9DqRZEI5Lc3wAC7Yb1sw4kp/JEFP3nnG2ZcPT36EJYO+EfrC0OlzewTfM= USPESNE STAZEN
2021-10-14 08:26:59,442 INFO     POSIDENT 
7TsaZA7GFeEVxMscggvr2LkRAZwqfDywZ9HtkoX92fdNI/VFseD7SjfY8rJ7IlS7o2MG7D4mG56FZUTFOUWW7a5GeMmtDAasGLtodOgvIOA= USPESNE STAZEN
2021-10-14 08:26:59,445 INFO     POSIDENT 
yqpT3s/QygUWqCsg/azKypTOTOuJdbjB/16kQv0m5uugaHFJh8Mtp2i7sCdt71GRZixdYAzCVqEa4mNgvEjDECGf0Fby1B2nv1NdlyFQPrg= USPESNE STAZEN
2021-10-14 08:26:59,449 INFO     POSIDENT 
Z3anPBTLRy4YQTD0UgZkTJ+keVuWZ8j50lI8whQPyaERWuqwwnwsnvPL5JvmjhqosP5ukUJEFe29IEnCIx6/MSQ0jCVnAyGflCmCnQBnc3JQLWVD9vLnWZYbgp+9oL3r USPESNE STAZEN
2021-10-14 08:26:59,452 INFO     POSIDENT 
i0/Tr+VNmKgY+wJydNVJbCob8vQemEnjdn3A2r2ffhs8dz4IHH2H2AVcFvTyEOe3ci6MD33ZHXqEu8Lr8L1xtG3SHwhy2TBVM3bEa6vFpMbxj5wBXmFfT/QAGRrOqWBN USPESNE STAZEN
2021-10-14 08:26:59,458 INFO     POSIDENT 
/AOrBGOFR+4GtqsAvOXC/3kKd0OCEPBVRfEsIPHeW3CoGcU1dio8gmrulsH5/KEvySRvbRT2hlDOXICKukDLldMgNY5z+yASe8F1rqBlKug=
 USPESNE STAZEN
2021-10-14 08:26:59,461 INFO     Radky v csv u POSIdentu uecJ/wWk2Ej6CAnwe3i0y0jfrp9Xr1oMVJ+9kLKpkU8trb/GSsJmcvNw7XJ0dzNpkKLYrpaxDPIVMKGKnG/ZMzSYtEOoqKGnRHhbt/PXjUr/RJzL4O5LlsS30GNP3Kka aktualizovany
2021-10-14 08:26:59,469 INFO     Radky v csv u POSIdentu 
Vm+8vMmIsWsvcxR9zMDL9Cy+E0ZgHj9AJ3kwMqaLxguXn6wJcfM3e3LWpd7RzRxm3woikNUtGPF45crUFMpAsfsa/Bmx4YzTqTFCj0vhoQY= aktualizovany
2021-10-14 08:26:59,469 INFO     Radky v csv u POSIdentu 
T/sOfNBmULfA5GzBpJRYu3UWEwhw4PFYydRQSh7x1PSc4RTRLXYaXTfpbt2Da17zSJPbQDKce+cHMMQVCVBRj9+U8wwRYYTBTgLsWbpMpuY= aktualizovany
2021-10-14 08:26:59,473 INFO     Radky v csv u POSIdentu 
lWpFU3UmWlpSe8TtpUMRBCFflbRtrT1aEpzxnv1MEXnpCGhTicndBKbyJjsfMJMdgH+U78n9GU5DNm6bXxNhnC2JU2MIzwpJObcy4n2Baqk= aktualizovany
2021-10-14 08:26:59,476 INFO     Radky v csv u POSIdentu 
mDkas+QvEOd4+XBxuIW4Da3aEEdBAod5OJM/9la0ivdkMk7DTs9DqRZEI5Lc3wAC7Yb1sw4kp/JEFP3nnG2ZcPT36EJYO+EfrC0OlzewTfM= aktualizovany
2021-10-14 08:26:59,477 INFO     Radky v csv u POSIdentu 
7TsaZA7GFeEVxMscggvr2LkRAZwqfDywZ9HtkoX92fdNI/VFseD7SjfY8rJ7IlS7o2MG7D4mG56FZUTFOUWW7a5GeMmtDAasGLtodOgvIOA= aktualizovany
2021-10-14 08:26:59,482 INFO     Radky v csv u POSIdentu 
yqpT3s/QygUWqCsg/azKypTOTOuJdbjB/16kQv0m5uugaHFJh8Mtp2i7sCdt71GRZixdYAzCVqEa4mNgvEjDECGf0Fby1B2nv1NdlyFQPrg= aktualizovany
2021-10-14 08:26:59,485 INFO     Radky v csv u POSIdentu 
Z3anPBTLRy4YQTD0UgZkTJ+keVuWZ8j50lI8whQPyaERWuqwwnwsnvPL5JvmjhqosP5ukUJEFe29IEnCIx6/MSQ0jCVnAyGflCmCnQBnc3JQLWVD9vLnWZYbgp+9oL3r aktualizovany
2021-10-14 08:26:59,491 INFO     Radky v csv u POSIdentu 
i0/Tr+VNmKgY+wJydNVJbCob8vQemEnjdn3A2r2ffhs8dz4IHH2H2AVcFvTyEOe3ci6MD33ZHXqEu8Lr8L1xtG3SHwhy2TBVM3bEa6vFpMbxj5wBXmFfT/QAGRrOqWBN aktualizovany
2021-10-14 08:26:59,493 INFO     Radky v csv u POSIdentu 
/AOrBGOFR+4GtqsAvOXC/3kKd0OCEPBVRfEsIPHeW3CoGcU1dio8gmrulsH5/KEvySRvbRT2hlDOXICKukDLldMgNY5z+yASe8F1rqBlKug=
 aktualizovany
2021-10-14 08:26:59,496 INFO     Pocet dotazovanych posidentu: 10.
2021-10-14 08:26:59,502 INFO     Pocet pozadavku do ktereho byl dotaz rozdelen: 1.
2021-10-14 08:26:59,502 INFO     Pocet uspesne stazenych posidentu: 10
2021-10-14 08:26:59,506 INFO     Neplatny identifikator: 0x.
2021-10-14 08:26:59,507 INFO     Expirovany identifikator: 0x.
2021-10-14 08:26:59,511 INFO     Opravneny subjekt neexistuje: 0x.
