2021-10-21 08:37:31,228 INFO     POSIDENT Vm+8vMmIsWsvcxR9zMDL9Cy+E0ZgHj9AJ3kwMqaLxguXn6wJcfM3e3LWpd7RzRxm3woikNUtGPF45crUFMpAsfsa/Bmx4YzTqTFCj0vhoQY= USPESNE STAZEN
2021-10-21 08:37:31,235 INFO     POSIDENT o0V5H26cXD1+RFNrtHWDD5/5zfRee+2PZtNtw6TfHmL/dqT6lkuBz7xec6grhmrdiCC+G+4G3/yR+0j7jQI5kgysM49mklk1tOHmTrweKQR5jqFgXtG8YTRMo4e1Bcx+ USPESNE STAZEN
2021-10-21 08:37:31,242 INFO     POSIDENT 3ZendyrB5RiGiS5emPZ8oWRhZZQOsLiOHI329ANsTWE3+RDPfNFmHeJzpKvspfBZpBX5RpwGNirjH3hlHeysozmb3+g52m7EfdnRYUR/iAA= USPESNE STAZEN
2021-10-21 08:37:31,245 INFO     POSIDENT 3aW3srZ5a3T/ChIj+sdMrJE0sk738z0ZHA0q6GgFh5H2Szl4VYLSRCfCHyEMA8cAKwbYizIHXcv/r5goxydoDSZCgYHe6mOZsomLL2Jwop4= USPESNE STAZEN
2021-10-21 08:37:31,252 INFO     POSIDENT 2fa9YZ/g+IACqr1Etk+QIUPK51iiTwCA/t/nTw+U9RUmjfYorPLrzpPd46Bmj3C3tfw3cyOy5bx0ogGCOZ01eUctqHZQzXY903JlPvzPzlw= USPESNE STAZEN
2021-10-21 08:37:31,258 INFO     POSIDENT hf/HqLIgE7zvLimKwDjWOVhOmPY03cK5NxklSV6zIn0uRs5Uh3gkcycrY7GPiEamJWSEInqSAEwmZdx3/uM9hMBXYt+pwgje7SZyLBu2DhA= USPESNE STAZEN
2021-10-21 08:37:31,263 INFO     POSIDENT uecJ/wWk2Ej6CAnwe3i0y0jfrp9Xr1oMVJ+9kLKpkU8trb/GSsJmcvNw7XJ0dzNpkKLYrpaxDPIVMKGKnG/ZMzSYtEOoqKGnRHhbt/PXjUr/RJzL4O5LlsS30GNP3Kka USPESNE STAZEN
2021-10-21 08:37:31,269 INFO     POSIDENT KdSYyo8J1zUPVqxHUtY+tXCq1sozzl79fDrwCjZTPA82RA81GrHfiwpq2ymtsH1mkBgkLzE1TRH+MGXYdCunCxgrju4BztjRm1Ouf3qlRaU= USPESNE STAZEN
2021-10-21 08:37:31,277 INFO     POSIDENT EGgfRTDVb68syXhEmpfl6VpmxItEm1IwCtdk82EaSNgBGKDd5gEbCPEBw6wrbaGWim1nDiiVsb1iarVPI/2OAVvMYg3BxyQUKFuMpareq+c= USPESNE STAZEN
2021-10-21 08:37:31,278 INFO     POSIDENT KT0rdHsWxrS4WVWKRhvDWBeGio9P4NTZ7lNEEIKsVLoNg0h9Aa3eaUlBOXK78gVI/NPe3cwRgpXofQaTGOJG66jDnqP52CJNzjOVfaxQWLc= USPESNE STAZEN
2021-10-21 08:37:31,310 INFO     Radky v databazi u POSIdentu Vm+8vMmIsWsvcxR9zMDL9Cy+E0ZgHj9AJ3kwMqaLxguXn6wJcfM3e3LWpd7RzRxm3woikNUtGPF45crUFMpAsfsa/Bmx4YzTqTFCj0vhoQY= aktualizovany
2021-10-21 08:37:31,330 INFO     Radky v databazi u POSIdentu o0V5H26cXD1+RFNrtHWDD5/5zfRee+2PZtNtw6TfHmL/dqT6lkuBz7xec6grhmrdiCC+G+4G3/yR+0j7jQI5kgysM49mklk1tOHmTrweKQR5jqFgXtG8YTRMo4e1Bcx+ aktualizovany
2021-10-21 08:37:31,341 INFO     Radky v databazi u POSIdentu 3ZendyrB5RiGiS5emPZ8oWRhZZQOsLiOHI329ANsTWE3+RDPfNFmHeJzpKvspfBZpBX5RpwGNirjH3hlHeysozmb3+g52m7EfdnRYUR/iAA= aktualizovany
2021-10-21 08:37:31,351 INFO     Radky v databazi u POSIdentu 3aW3srZ5a3T/ChIj+sdMrJE0sk738z0ZHA0q6GgFh5H2Szl4VYLSRCfCHyEMA8cAKwbYizIHXcv/r5goxydoDSZCgYHe6mOZsomLL2Jwop4= aktualizovany
2021-10-21 08:37:31,363 INFO     Radky v databazi u POSIdentu 2fa9YZ/g+IACqr1Etk+QIUPK51iiTwCA/t/nTw+U9RUmjfYorPLrzpPd46Bmj3C3tfw3cyOy5bx0ogGCOZ01eUctqHZQzXY903JlPvzPzlw= aktualizovany
2021-10-21 08:37:31,376 INFO     Radky v databazi u POSIdentu hf/HqLIgE7zvLimKwDjWOVhOmPY03cK5NxklSV6zIn0uRs5Uh3gkcycrY7GPiEamJWSEInqSAEwmZdx3/uM9hMBXYt+pwgje7SZyLBu2DhA= aktualizovany
2021-10-21 08:37:31,395 INFO     Radky v databazi u POSIdentu uecJ/wWk2Ej6CAnwe3i0y0jfrp9Xr1oMVJ+9kLKpkU8trb/GSsJmcvNw7XJ0dzNpkKLYrpaxDPIVMKGKnG/ZMzSYtEOoqKGnRHhbt/PXjUr/RJzL4O5LlsS30GNP3Kka aktualizovany
2021-10-21 08:37:31,409 INFO     Radky v databazi u POSIdentu KdSYyo8J1zUPVqxHUtY+tXCq1sozzl79fDrwCjZTPA82RA81GrHfiwpq2ymtsH1mkBgkLzE1TRH+MGXYdCunCxgrju4BztjRm1Ouf3qlRaU= aktualizovany
2021-10-21 08:37:31,417 INFO     Radky v databazi u POSIdentu EGgfRTDVb68syXhEmpfl6VpmxItEm1IwCtdk82EaSNgBGKDd5gEbCPEBw6wrbaGWim1nDiiVsb1iarVPI/2OAVvMYg3BxyQUKFuMpareq+c= aktualizovany
2021-10-21 08:37:31,430 INFO     Radky v databazi u POSIdentu KT0rdHsWxrS4WVWKRhvDWBeGio9P4NTZ7lNEEIKsVLoNg0h9Aa3eaUlBOXK78gVI/NPe3cwRgpXofQaTGOJG66jDnqP52CJNzjOVfaxQWLc= aktualizovany
2021-10-21 08:37:31,682 INFO     POSIDENT YmUx0yovmm7KUEMHfNDNpoVOmGYvPqyRhXUvSy9IuU94rqInTL8t6bf0sCVjnZTbAcpxcarHierENslhHtEwj6DxtUGSIQbZSPKa5P3uA7Y= USPESNE STAZEN
2021-10-21 08:37:31,696 INFO     POSIDENT BBgBQ2wok0L43hEZUEeiehwwgrnYkvSWpgVkTEuS44FGAKrsjBz/UVx+LWdeKO2khvGuk0dwf2GE9ziJR5j2lVd4ioIVbPKS1oaCurIfCpA= USPESNE STAZEN
2021-10-21 08:37:31,705 INFO     POSIDENT 8bg+CXEGHarWp2oK+IfpUamKDfCVz85r0uBnUCjzPdNJ6AK2a4ybpIROxdjinogDSMGKQB9jeCyt5BLEOx9qsj3iksX7gk0kyMb4XwEPBO4= USPESNE STAZEN
2021-10-21 08:37:31,711 INFO     POSIDENT wpKK2F/BDnPKTx2S67hQVOVPGlU5agILyPckG4iVAkBux64yqWY7aR5ndq6iAavR1drvKIzk14UMMDi88nOhNF7O1i6BnJF20ugsKC/upYE= USPESNE STAZEN
2021-10-21 08:37:31,724 INFO     POSIDENT T/sOfNBmULfA5GzBpJRYu3UWEwhw4PFYydRQSh7x1PSc4RTRLXYaXTfpbt2Da17zSJPbQDKce+cHMMQVCVBRj9+U8wwRYYTBTgLsWbpMpuY= USPESNE STAZEN
2021-10-21 08:37:31,726 INFO     POSIDENT NezMzNG/s2Rz33QBJ/J9xHsKkt3gPqkDcB/VqU6fmfWs/kc8bLBXqEfKbgE9/Co4Ah9Ft2xfVdjm9TZnDDLf0DSivtf34CqbrOgDPJv7Q/c= USPESNE STAZEN
2021-10-21 08:37:31,728 INFO     POSIDENT YoYw5r0/dk0UgEcID286w2rFb6t3U7giw8vvUmXDmdv364oblaqoIpw8bgi1UsDJuLTH7urInxbRTuAjkVPJkl844VwfQvfn351HMcIRpO4= USPESNE STAZEN
2021-10-21 08:37:31,737 INFO     POSIDENT mm/dPuBRthrYVYeJFVs7KbJF8/0AcMBynbtvmHypm+QNWR7vTP4qB6Fjx93b2q7on9TIgT5u2hb9//QrjDl7NRJCaZYrCLqylJUlk4wyvV6WfgnUKGSoDqXg3KnMyIO9 USPESNE STAZEN
2021-10-21 08:37:31,746 INFO     POSIDENT Y+s9bH0/ld/NLE4dOgaHgoRcmRrSt+dsqPhNnh0oXeafk9E4WZlgsCnF1La1gw7EoZ3hLsizggDDnbV+DyNJinyL5ABL87B4d4Q1NIT8goQ= USPESNE STAZEN
2021-10-21 08:37:31,750 INFO     POSIDENT YSaRmQMUJtP5iHcBKPfOwIotTcrYSx4zMLFVrcnuaCmeFEm/VL5lHuo34uh5THwLFv7UohQK3AOjWfNiucgP14yqeR9UNxTi5O9pkiZz0LI= USPESNE STAZEN
2021-10-21 08:37:31,786 INFO     Radky v databazi u POSIdentu YmUx0yovmm7KUEMHfNDNpoVOmGYvPqyRhXUvSy9IuU94rqInTL8t6bf0sCVjnZTbAcpxcarHierENslhHtEwj6DxtUGSIQbZSPKa5P3uA7Y= aktualizovany
2021-10-21 08:37:31,797 INFO     Radky v databazi u POSIdentu BBgBQ2wok0L43hEZUEeiehwwgrnYkvSWpgVkTEuS44FGAKrsjBz/UVx+LWdeKO2khvGuk0dwf2GE9ziJR5j2lVd4ioIVbPKS1oaCurIfCpA= aktualizovany
2021-10-21 08:37:31,808 INFO     Radky v databazi u POSIdentu 8bg+CXEGHarWp2oK+IfpUamKDfCVz85r0uBnUCjzPdNJ6AK2a4ybpIROxdjinogDSMGKQB9jeCyt5BLEOx9qsj3iksX7gk0kyMb4XwEPBO4= aktualizovany
2021-10-21 08:37:31,817 INFO     Radky v databazi u POSIdentu wpKK2F/BDnPKTx2S67hQVOVPGlU5agILyPckG4iVAkBux64yqWY7aR5ndq6iAavR1drvKIzk14UMMDi88nOhNF7O1i6BnJF20ugsKC/upYE= aktualizovany
2021-10-21 08:37:31,829 INFO     Radky v databazi u POSIdentu T/sOfNBmULfA5GzBpJRYu3UWEwhw4PFYydRQSh7x1PSc4RTRLXYaXTfpbt2Da17zSJPbQDKce+cHMMQVCVBRj9+U8wwRYYTBTgLsWbpMpuY= aktualizovany
2021-10-21 08:37:31,839 INFO     Radky v databazi u POSIdentu NezMzNG/s2Rz33QBJ/J9xHsKkt3gPqkDcB/VqU6fmfWs/kc8bLBXqEfKbgE9/Co4Ah9Ft2xfVdjm9TZnDDLf0DSivtf34CqbrOgDPJv7Q/c= aktualizovany
2021-10-21 08:37:31,849 INFO     Radky v databazi u POSIdentu YoYw5r0/dk0UgEcID286w2rFb6t3U7giw8vvUmXDmdv364oblaqoIpw8bgi1UsDJuLTH7urInxbRTuAjkVPJkl844VwfQvfn351HMcIRpO4= aktualizovany
2021-10-21 08:37:31,859 INFO     Radky v databazi u POSIdentu mm/dPuBRthrYVYeJFVs7KbJF8/0AcMBynbtvmHypm+QNWR7vTP4qB6Fjx93b2q7on9TIgT5u2hb9//QrjDl7NRJCaZYrCLqylJUlk4wyvV6WfgnUKGSoDqXg3KnMyIO9 aktualizovany
2021-10-21 08:37:31,870 INFO     Radky v databazi u POSIdentu Y+s9bH0/ld/NLE4dOgaHgoRcmRrSt+dsqPhNnh0oXeafk9E4WZlgsCnF1La1gw7EoZ3hLsizggDDnbV+DyNJinyL5ABL87B4d4Q1NIT8goQ= aktualizovany
2021-10-21 08:37:31,886 INFO     Radky v databazi u POSIdentu YSaRmQMUJtP5iHcBKPfOwIotTcrYSx4zMLFVrcnuaCmeFEm/VL5lHuo34uh5THwLFv7UohQK3AOjWfNiucgP14yqeR9UNxTi5O9pkiZz0LI= aktualizovany
2021-10-21 08:37:32,160 INFO     POSIDENT 1fvxg03sxZo/hSaLM7Lww9w46fBDLTZx2NREsAV7HwkGRjxGKxwq/yWF24gjR+BGxTTQSSLZzxzKsCANYGfupv2Us5sf3kcnc1BVKPtcz5s= USPESNE STAZEN
2021-10-21 08:37:32,169 INFO     POSIDENT bWb6QEOjc94in0pmGSBFwRm4FfuaCoxE+aHEHahXFXkx9jUOSdvhaWl40efvjBFwAmnAHHJI/g0nsn0tLis0carj34MDA39ptCnBdYnH5ZA= USPESNE STAZEN
2021-10-21 08:37:32,173 INFO     POSIDENT 1icyYJRr8366DjQYyqdj/TTYUgGOuUSp6ck6NDaYLdQ6lU3sbdOjY6CKYEN5T6XuJ8mBowWJicz/4l0lrv0Y+AZetgmFuW0OoM7yEd+5evQ= USPESNE STAZEN
2021-10-21 08:37:32,178 INFO     POSIDENT m+o3Qoxrit4ZwyJIPjx3X32uMv1tXAioo/hUUaq6JmMHGXsvc9zncnGPExVsV8dslyzXyBs7yEV6mKlHKK2k7OW4tsyI1O91ftE7Rl4B6B4= USPESNE STAZEN
2021-10-21 08:37:32,180 INFO     POSIDENT tTP8WqxRGv8mdc7niazOGdOIcMRfCRB7JY9mCaqqaUTa7+Dfu31hRdVtAa3hh0+XsMXUJvVewoV3piXC7IBr50LGZjrOLcIho++X0N07jJ0= USPESNE STAZEN
2021-10-21 08:37:32,186 INFO     POSIDENT fwdsUaxtVKyjWdhcx8QMu3passZadTC0q5Sr0L0GOPWU1zzK73MDWdQ5MBficQF1IrTyXx7Rs9OwGPxW1syorUZI5+2oQKWwn68UnX0PwWE= USPESNE STAZEN
2021-10-21 08:37:32,188 INFO     POSIDENT nG1j9b9eZx7u/iGrTPtgGVOrmDaUxd1s2dC8/jiqRtKkXyuaJ7icS9jz00xy2JcS4p338ZsCnpOzwga2Y8tupePeKeUVoWjjSl+o/7/msY0= USPESNE STAZEN
2021-10-21 08:37:32,192 INFO     POSIDENT XHIBU/Os4CXjIriHfhjuJMtIZCEvJBRz3RTj02SaUqCUWW2nYww1irZFjR1y3ieG3vIdjnr7ZpukTGijByBS8mUDBj9jPUeUxRUhwptQp+k= USPESNE STAZEN
2021-10-21 08:37:32,195 INFO     POSIDENT zjQFHCstHaYtYTIi9hORZRXYOc6k0hH288KSw9iDzCl+X9pOUGZKaa66zQQEN73fdjsw9/7YjYQ68TBXMm8URmS5tv4YM3mG5Twnjp+eFLQ= USPESNE STAZEN
2021-10-21 08:37:32,198 INFO     POSIDENT JsnHnHK89vL/0oCWFbmIw15mkLQCUsEucRyqJhlrzKopQ2ZPOvDcxyv6C70Sxb2Nv9K7xai/Ig7giS8gJljk3mKkDItXp5ARq7bGkTVbpTw= USPESNE STAZEN
2021-10-21 08:37:32,225 INFO     Radky v databazi u POSIdentu 1fvxg03sxZo/hSaLM7Lww9w46fBDLTZx2NREsAV7HwkGRjxGKxwq/yWF24gjR+BGxTTQSSLZzxzKsCANYGfupv2Us5sf3kcnc1BVKPtcz5s= aktualizovany
2021-10-21 08:37:32,234 INFO     Radky v databazi u POSIdentu bWb6QEOjc94in0pmGSBFwRm4FfuaCoxE+aHEHahXFXkx9jUOSdvhaWl40efvjBFwAmnAHHJI/g0nsn0tLis0carj34MDA39ptCnBdYnH5ZA= aktualizovany
2021-10-21 08:37:32,245 INFO     Radky v databazi u POSIdentu 1icyYJRr8366DjQYyqdj/TTYUgGOuUSp6ck6NDaYLdQ6lU3sbdOjY6CKYEN5T6XuJ8mBowWJicz/4l0lrv0Y+AZetgmFuW0OoM7yEd+5evQ= aktualizovany
2021-10-21 08:37:32,254 INFO     Radky v databazi u POSIdentu m+o3Qoxrit4ZwyJIPjx3X32uMv1tXAioo/hUUaq6JmMHGXsvc9zncnGPExVsV8dslyzXyBs7yEV6mKlHKK2k7OW4tsyI1O91ftE7Rl4B6B4= aktualizovany
2021-10-21 08:37:32,263 INFO     Radky v databazi u POSIdentu tTP8WqxRGv8mdc7niazOGdOIcMRfCRB7JY9mCaqqaUTa7+Dfu31hRdVtAa3hh0+XsMXUJvVewoV3piXC7IBr50LGZjrOLcIho++X0N07jJ0= aktualizovany
2021-10-21 08:37:32,274 INFO     Radky v databazi u POSIdentu fwdsUaxtVKyjWdhcx8QMu3passZadTC0q5Sr0L0GOPWU1zzK73MDWdQ5MBficQF1IrTyXx7Rs9OwGPxW1syorUZI5+2oQKWwn68UnX0PwWE= aktualizovany
2021-10-21 08:37:32,284 INFO     Radky v databazi u POSIdentu nG1j9b9eZx7u/iGrTPtgGVOrmDaUxd1s2dC8/jiqRtKkXyuaJ7icS9jz00xy2JcS4p338ZsCnpOzwga2Y8tupePeKeUVoWjjSl+o/7/msY0= aktualizovany
2021-10-21 08:37:32,296 INFO     Radky v databazi u POSIdentu XHIBU/Os4CXjIriHfhjuJMtIZCEvJBRz3RTj02SaUqCUWW2nYww1irZFjR1y3ieG3vIdjnr7ZpukTGijByBS8mUDBj9jPUeUxRUhwptQp+k= aktualizovany
2021-10-21 08:37:32,313 INFO     Radky v databazi u POSIdentu zjQFHCstHaYtYTIi9hORZRXYOc6k0hH288KSw9iDzCl+X9pOUGZKaa66zQQEN73fdjsw9/7YjYQ68TBXMm8URmS5tv4YM3mG5Twnjp+eFLQ= aktualizovany
2021-10-21 08:37:32,324 INFO     Radky v databazi u POSIdentu JsnHnHK89vL/0oCWFbmIw15mkLQCUsEucRyqJhlrzKopQ2ZPOvDcxyv6C70Sxb2Nv9K7xai/Ig7giS8gJljk3mKkDItXp5ARq7bGkTVbpTw= aktualizovany
2021-10-21 08:37:32,597 INFO     POSIDENT 4/09lLuaNar2b8ZrhcyqhU1dN1h6cdfYNCg2/RReim82UXm3H5whG2MlvoKzXFltwKfA5MonRqd32zCvZgGfvCUIbqRScDVWKy5fctYb6N0= USPESNE STAZEN
2021-10-21 08:37:32,605 INFO     POSIDENT mDkas+QvEOd4+XBxuIW4Da3aEEdBAod5OJM/9la0ivdkMk7DTs9DqRZEI5Lc3wAC7Yb1sw4kp/JEFP3nnG2ZcPT36EJYO+EfrC0OlzewTfM= USPESNE STAZEN
2021-10-21 08:37:32,608 INFO     POSIDENT WpAGVIbtrw3p6Ic2ebTbXNCwsz0FKsnGB9V9QeaExKo21vI1yF5xcnK/ftMPvAe0P43ooFP1+vRsJWe0rET59I1aQW/uq+Ca3bHca+9xTcc= USPESNE STAZEN
2021-10-21 08:37:32,612 INFO     POSIDENT aOWF/BYRV4K+0xg/HdeP3T3Tm/aSXL8Z3ShJxg4zYChQJRi3EoVsQ1xr+eatOjsz8o55pTpCs81iSwIC5oNvPFZhZ5upIuj6y1Ntb5sYT1M= USPESNE STAZEN
2021-10-21 08:37:32,618 INFO     POSIDENT VdYFVbm+86uuL5NZSDUP9DEEmK6+kQ0Yv94SD3PKGIsyVVcXQ+yl9sVe+9geW8q79xfDY/YF98BVdxRwtIHCYeMzVGLAEMhP7R8SIwcVCtPRH4gdRhvij3OuHXZOjz0M USPESNE STAZEN
2021-10-21 08:37:32,622 INFO     POSIDENT psGq9l14Woi29AYN5bHwdxU5WmX1vyRzVSJuucNo5e2D8193gu/to3VObZbd3vc0L+fDzX+X5nL42Wu8iePZgJhokFKOM8uNqezVZiQQ6P0= USPESNE STAZEN
2021-10-21 08:37:32,626 INFO     POSIDENT tbRykjyqj07e8OWkHFm+S8tm9M+qF0Ql6GN5m/l4Y85srs8uJWK4nCQdC1MCZ4IM3bwHuJRNTy57+V2lkG3QAfoL6VdGB35MSX25Nh5fu3c= USPESNE STAZEN
2021-10-21 08:37:32,628 INFO     POSIDENT zmOpxLJr7ii9CZo8JeEAhu560hyoaYhJxlUGsxC/ggqb1kd+9XxbAXVjaH4LL8Pl8MeUbaTxqcB+gZD09IoChvR9cPq9ftAZ0yk1NlxNYc4= USPESNE STAZEN
2021-10-21 08:37:32,631 INFO     POSIDENT a4uuL5087aAkDOdoVblOShaQjHZZiAz79ef8xsvMcMgrPH6vAmPki7VNwOXKxvCG9eshEijbAukEr7jJOHUEcC8HpMau6Eer288lakdfmH8= USPESNE STAZEN
2021-10-21 08:37:32,636 INFO     POSIDENT UyRKGvNtD3RY7g1F6Oa/uad7WoAoj5fPL4nUuFVU42SrnDzMgM1Tsix9bmimHtrPJvf44AKjrgwgk+wbP3oLUhMW3sFzdFm2UGW4hfZo0Sw= USPESNE STAZEN
2021-10-21 08:37:32,661 INFO     Radky v databazi u POSIdentu 4/09lLuaNar2b8ZrhcyqhU1dN1h6cdfYNCg2/RReim82UXm3H5whG2MlvoKzXFltwKfA5MonRqd32zCvZgGfvCUIbqRScDVWKy5fctYb6N0= aktualizovany
2021-10-21 08:37:32,668 INFO     Radky v databazi u POSIdentu mDkas+QvEOd4+XBxuIW4Da3aEEdBAod5OJM/9la0ivdkMk7DTs9DqRZEI5Lc3wAC7Yb1sw4kp/JEFP3nnG2ZcPT36EJYO+EfrC0OlzewTfM= aktualizovany
2021-10-21 08:37:32,677 INFO     Radky v databazi u POSIdentu WpAGVIbtrw3p6Ic2ebTbXNCwsz0FKsnGB9V9QeaExKo21vI1yF5xcnK/ftMPvAe0P43ooFP1+vRsJWe0rET59I1aQW/uq+Ca3bHca+9xTcc= aktualizovany
2021-10-21 08:37:32,686 INFO     Radky v databazi u POSIdentu aOWF/BYRV4K+0xg/HdeP3T3Tm/aSXL8Z3ShJxg4zYChQJRi3EoVsQ1xr+eatOjsz8o55pTpCs81iSwIC5oNvPFZhZ5upIuj6y1Ntb5sYT1M= aktualizovany
2021-10-21 08:37:32,695 INFO     Radky v databazi u POSIdentu VdYFVbm+86uuL5NZSDUP9DEEmK6+kQ0Yv94SD3PKGIsyVVcXQ+yl9sVe+9geW8q79xfDY/YF98BVdxRwtIHCYeMzVGLAEMhP7R8SIwcVCtPRH4gdRhvij3OuHXZOjz0M aktualizovany
2021-10-21 08:37:32,705 INFO     Radky v databazi u POSIdentu psGq9l14Woi29AYN5bHwdxU5WmX1vyRzVSJuucNo5e2D8193gu/to3VObZbd3vc0L+fDzX+X5nL42Wu8iePZgJhokFKOM8uNqezVZiQQ6P0= aktualizovany
2021-10-21 08:37:32,715 INFO     Radky v databazi u POSIdentu tbRykjyqj07e8OWkHFm+S8tm9M+qF0Ql6GN5m/l4Y85srs8uJWK4nCQdC1MCZ4IM3bwHuJRNTy57+V2lkG3QAfoL6VdGB35MSX25Nh5fu3c= aktualizovany
2021-10-21 08:37:32,725 INFO     Radky v databazi u POSIdentu zmOpxLJr7ii9CZo8JeEAhu560hyoaYhJxlUGsxC/ggqb1kd+9XxbAXVjaH4LL8Pl8MeUbaTxqcB+gZD09IoChvR9cPq9ftAZ0yk1NlxNYc4= aktualizovany
2021-10-21 08:37:32,735 INFO     Radky v databazi u POSIdentu a4uuL5087aAkDOdoVblOShaQjHZZiAz79ef8xsvMcMgrPH6vAmPki7VNwOXKxvCG9eshEijbAukEr7jJOHUEcC8HpMau6Eer288lakdfmH8= aktualizovany
2021-10-21 08:37:32,748 INFO     Radky v databazi u POSIdentu UyRKGvNtD3RY7g1F6Oa/uad7WoAoj5fPL4nUuFVU42SrnDzMgM1Tsix9bmimHtrPJvf44AKjrgwgk+wbP3oLUhMW3sFzdFm2UGW4hfZo0Sw= aktualizovany
2021-10-21 08:37:33,043 INFO     POSIDENT JjjGmmAuY2r+vgvGvpKNjDzRo+CAGsMfhosMMP10Vq0blIcrdQ6xqI0zWSD6eKKGrDXBtI6dxcnnkgUOlFgjkH081Qeg/URu3ZByDWe/3BI= USPESNE STAZEN
2021-10-21 08:37:33,052 INFO     POSIDENT iXuo5APMiSDKHjvq6Zwp4znpylRk3VICHbMd0CZEnHv0Yfd9IxzLRCvYD0GcdPBgCsVQP5C/sjWn2YmF1qe/BxyobmNhG4SPsa0pKedo4PE= USPESNE STAZEN
2021-10-21 08:37:33,055 INFO     POSIDENT 7TsaZA7GFeEVxMscggvr2LkRAZwqfDywZ9HtkoX92fdNI/VFseD7SjfY8rJ7IlS7o2MG7D4mG56FZUTFOUWW7a5GeMmtDAasGLtodOgvIOA= USPESNE STAZEN
2021-10-21 08:37:33,060 INFO     POSIDENT 5wQRil9Nd5KIrn5KWTf8+ucfKEsayz4LR/ZrAucExc8z+4hWyMyh+ABIewfIBvgQMxxF8/2HqFMn0OE/IphQisnADW27BjQ8Cn2Ui2i+xLM= USPESNE STAZEN
2021-10-21 08:37:33,064 INFO     POSIDENT OSAJs7W4HqDew0srlaev6U4G6+SYLaddr65lGbvSoNr/avJL76h/vK1sBGmQ9kvy0TkOuLNofgfzYOT4s5Imp3Vn8LiiR/fKy0ofj18gbPA= USPESNE STAZEN
2021-10-21 08:37:33,068 INFO     POSIDENT hMFmuv9xLKl7itElRb+ABKUfR4GPjNp8o8f7v5TImNsrDMbOSFs0n+msxztqnzvgTnj+Rm6QehwZNK64c6pIeSUBViUprt4npOhmD/7zcrk= USPESNE STAZEN
2021-10-21 08:37:33,073 INFO     POSIDENT W6gjRuthAEnH1o8Yu7Zc0k4Kv4ZLv7aGA1z5lSGliY7LT+ipTzG5nMPXsAayqF6KbLLThknyZXMnOrxfYJ70gXNdBJdRWXoDui8Oq8kTTjM= USPESNE STAZEN
2021-10-21 08:37:33,077 INFO     POSIDENT yqpT3s/QygUWqCsg/azKypTOTOuJdbjB/16kQv0m5uugaHFJh8Mtp2i7sCdt71GRZixdYAzCVqEa4mNgvEjDECGf0Fby1B2nv1NdlyFQPrg= USPESNE STAZEN
2021-10-21 08:37:33,081 INFO     POSIDENT i0/Tr+VNmKgY+wJydNVJbCob8vQemEnjdn3A2r2ffhs8dz4IHH2H2AVcFvTyEOe3ci6MD33ZHXqEu8Lr8L1xtG3SHwhy2TBVM3bEa6vFpMbxj5wBXmFfT/QAGRrOqWBN USPESNE STAZEN
2021-10-21 08:37:33,095 INFO     POSIDENT J3hMa2yksIRcQaD51HVTH3Q6WzhIEBRV4Pjvzv1m9JVCaVFmqbSQLmMqp5SX+mFgX+CkR4Tf0RenGliXDwBkGky9DnZquQo+qDKWLThkZ7c= USPESNE STAZEN
2021-10-21 08:37:33,117 INFO     Radky v databazi u POSIdentu JjjGmmAuY2r+vgvGvpKNjDzRo+CAGsMfhosMMP10Vq0blIcrdQ6xqI0zWSD6eKKGrDXBtI6dxcnnkgUOlFgjkH081Qeg/URu3ZByDWe/3BI= aktualizovany
2021-10-21 08:37:33,129 INFO     Radky v databazi u POSIdentu iXuo5APMiSDKHjvq6Zwp4znpylRk3VICHbMd0CZEnHv0Yfd9IxzLRCvYD0GcdPBgCsVQP5C/sjWn2YmF1qe/BxyobmNhG4SPsa0pKedo4PE= aktualizovany
2021-10-21 08:37:33,137 INFO     Radky v databazi u POSIdentu 7TsaZA7GFeEVxMscggvr2LkRAZwqfDywZ9HtkoX92fdNI/VFseD7SjfY8rJ7IlS7o2MG7D4mG56FZUTFOUWW7a5GeMmtDAasGLtodOgvIOA= aktualizovany
2021-10-21 08:37:33,145 INFO     Radky v databazi u POSIdentu 5wQRil9Nd5KIrn5KWTf8+ucfKEsayz4LR/ZrAucExc8z+4hWyMyh+ABIewfIBvgQMxxF8/2HqFMn0OE/IphQisnADW27BjQ8Cn2Ui2i+xLM= aktualizovany
2021-10-21 08:37:33,153 INFO     Radky v databazi u POSIdentu OSAJs7W4HqDew0srlaev6U4G6+SYLaddr65lGbvSoNr/avJL76h/vK1sBGmQ9kvy0TkOuLNofgfzYOT4s5Imp3Vn8LiiR/fKy0ofj18gbPA= aktualizovany
2021-10-21 08:37:33,163 INFO     Radky v databazi u POSIdentu hMFmuv9xLKl7itElRb+ABKUfR4GPjNp8o8f7v5TImNsrDMbOSFs0n+msxztqnzvgTnj+Rm6QehwZNK64c6pIeSUBViUprt4npOhmD/7zcrk= aktualizovany
2021-10-21 08:37:33,172 INFO     Radky v databazi u POSIdentu W6gjRuthAEnH1o8Yu7Zc0k4Kv4ZLv7aGA1z5lSGliY7LT+ipTzG5nMPXsAayqF6KbLLThknyZXMnOrxfYJ70gXNdBJdRWXoDui8Oq8kTTjM= aktualizovany
2021-10-21 08:37:33,183 INFO     Radky v databazi u POSIdentu yqpT3s/QygUWqCsg/azKypTOTOuJdbjB/16kQv0m5uugaHFJh8Mtp2i7sCdt71GRZixdYAzCVqEa4mNgvEjDECGf0Fby1B2nv1NdlyFQPrg= aktualizovany
2021-10-21 08:37:33,194 INFO     Radky v databazi u POSIdentu i0/Tr+VNmKgY+wJydNVJbCob8vQemEnjdn3A2r2ffhs8dz4IHH2H2AVcFvTyEOe3ci6MD33ZHXqEu8Lr8L1xtG3SHwhy2TBVM3bEa6vFpMbxj5wBXmFfT/QAGRrOqWBN aktualizovany
2021-10-21 08:37:33,210 INFO     Radky v databazi u POSIdentu J3hMa2yksIRcQaD51HVTH3Q6WzhIEBRV4Pjvzv1m9JVCaVFmqbSQLmMqp5SX+mFgX+CkR4Tf0RenGliXDwBkGky9DnZquQo+qDKWLThkZ7c= aktualizovany
2021-10-21 08:37:33,522 INFO     POSIDENT Ku76SlYfgFivONmh8bdyl02qHhLEuGPdDbCow70bilmRc26J2noXqBoufBPT4kfi2B5Nm5H9w1NFHR+pNQuGoQfdXwnXwz8VCNF2QsJnBe8ypwQghGm+6xd1Xp/20VgA USPESNE STAZEN
2021-10-21 08:37:33,528 INFO     POSIDENT cD+k5i82mTXjR9/pvMQbIBCDJ0Z/uzTk87ZKkH4hzIB2buED0Ud5BAgWv5C4NhJGnqnEvpM8SIqRwYf/STr+nEyAaER0c3dsJ0vI5u3xHYQ= USPESNE STAZEN
2021-10-21 08:37:33,532 INFO     POSIDENT CVikHowKhw3xouJMIqJHZOijnR1LvQJ4hcufAgajhU4QQjJEHn2n19OvpxLG8AXGSDlKlRzQkWOnseHWTe89/ht9nNqJXvjUKcxpd3dr3VQ= USPESNE STAZEN
2021-10-21 08:37:33,538 INFO     POSIDENT xocTMRuuiHIYwNN3v/RUpArt2Fhetx6zLzs1TUM4gw+ObLyU2HJkAPQ5WdENo82O2DPHBJrt2XiurT7d3j3H5mEqs6IWf89iXlFyWJLkDow= USPESNE STAZEN
2021-10-21 08:37:33,544 INFO     POSIDENT xEZvrXlG0ZciECwqZA8HsRDxiJlp9fBs8xvGltU/5rrKNmW4Nt247mvOtyXLHLspnNXQcio8j41RuWDpNtwjcde1q0aYKZzTi8AFFqOEN88= USPESNE STAZEN
2021-10-21 08:37:33,549 INFO     POSIDENT r/e02ptfcJ47n0rUY4NM6xWfd1OtN4e/Xu5+rNe3pOEOVnL0HIiVQe4Uy8l4k8SYVJNj5qAU70p692ABBUteyJl2nyFJ7iYFpjclbK8bnAo= USPESNE STAZEN
2021-10-21 08:37:33,551 INFO     POSIDENT VFeRVqNwKQBFgxQOxaZ+Uu52XPwYBW85G2cqQzfrUsf4UB1yFq1auOdYlSwQuLB4ThdgaeE4AWjmgOIn5Pk4Rif4DDcbJSu41K6TZ/PZIHw= USPESNE STAZEN
2021-10-21 08:37:33,555 INFO     POSIDENT zPeq/viI8Dc0WssYO5VehITpYmrNQCF7PR3vmsy5DT6An5AKp/Luf3CKklORNyHxXhboih/Oz6kq4KsXpqCVVH8yAdAZfxYtCQm25BWJXVerA7juILC9uOuhHiPN4q7k USPESNE STAZEN
2021-10-21 08:37:33,559 INFO     POSIDENT Fi39z7m2FANK18yYncVWlU0YQ8u8FLjldrBRweDzDAhBc7pe75fu3JHKj+g5n/5aa4dpfuoLVrjuRQC94G/kkGKlglQD+qewgR7q6jBOwmk= USPESNE STAZEN
2021-10-21 08:37:33,565 INFO     POSIDENT PtV2GbyZOZzpReCKf7eFnHRmrU7K4TTcUse25gDBLjKDnzwoc8Sz5tqpCN3vNn4dZMHS+XYlQ+ScsS+WeS/PxoEkyD/byLp2xhUlTYgDucvrvLKp+sDogobmGqlmnSSO USPESNE STAZEN
2021-10-21 08:37:33,594 INFO     Radky v databazi u POSIdentu Ku76SlYfgFivONmh8bdyl02qHhLEuGPdDbCow70bilmRc26J2noXqBoufBPT4kfi2B5Nm5H9w1NFHR+pNQuGoQfdXwnXwz8VCNF2QsJnBe8ypwQghGm+6xd1Xp/20VgA aktualizovany
2021-10-21 08:37:33,603 INFO     Radky v databazi u POSIdentu cD+k5i82mTXjR9/pvMQbIBCDJ0Z/uzTk87ZKkH4hzIB2buED0Ud5BAgWv5C4NhJGnqnEvpM8SIqRwYf/STr+nEyAaER0c3dsJ0vI5u3xHYQ= aktualizovany
2021-10-21 08:37:33,611 INFO     Radky v databazi u POSIdentu CVikHowKhw3xouJMIqJHZOijnR1LvQJ4hcufAgajhU4QQjJEHn2n19OvpxLG8AXGSDlKlRzQkWOnseHWTe89/ht9nNqJXvjUKcxpd3dr3VQ= aktualizovany
2021-10-21 08:37:33,622 INFO     Radky v databazi u POSIdentu xocTMRuuiHIYwNN3v/RUpArt2Fhetx6zLzs1TUM4gw+ObLyU2HJkAPQ5WdENo82O2DPHBJrt2XiurT7d3j3H5mEqs6IWf89iXlFyWJLkDow= aktualizovany
2021-10-21 08:37:33,634 INFO     Radky v databazi u POSIdentu xEZvrXlG0ZciECwqZA8HsRDxiJlp9fBs8xvGltU/5rrKNmW4Nt247mvOtyXLHLspnNXQcio8j41RuWDpNtwjcde1q0aYKZzTi8AFFqOEN88= aktualizovany
2021-10-21 08:37:33,645 INFO     Radky v databazi u POSIdentu r/e02ptfcJ47n0rUY4NM6xWfd1OtN4e/Xu5+rNe3pOEOVnL0HIiVQe4Uy8l4k8SYVJNj5qAU70p692ABBUteyJl2nyFJ7iYFpjclbK8bnAo= aktualizovany
2021-10-21 08:37:33,656 INFO     Radky v databazi u POSIdentu VFeRVqNwKQBFgxQOxaZ+Uu52XPwYBW85G2cqQzfrUsf4UB1yFq1auOdYlSwQuLB4ThdgaeE4AWjmgOIn5Pk4Rif4DDcbJSu41K6TZ/PZIHw= aktualizovany
2021-10-21 08:37:33,664 INFO     Radky v databazi u POSIdentu zPeq/viI8Dc0WssYO5VehITpYmrNQCF7PR3vmsy5DT6An5AKp/Luf3CKklORNyHxXhboih/Oz6kq4KsXpqCVVH8yAdAZfxYtCQm25BWJXVerA7juILC9uOuhHiPN4q7k aktualizovany
2021-10-21 08:37:33,674 INFO     Radky v databazi u POSIdentu Fi39z7m2FANK18yYncVWlU0YQ8u8FLjldrBRweDzDAhBc7pe75fu3JHKj+g5n/5aa4dpfuoLVrjuRQC94G/kkGKlglQD+qewgR7q6jBOwmk= aktualizovany
2021-10-21 08:37:33,683 INFO     Radky v databazi u POSIdentu PtV2GbyZOZzpReCKf7eFnHRmrU7K4TTcUse25gDBLjKDnzwoc8Sz5tqpCN3vNn4dZMHS+XYlQ+ScsS+WeS/PxoEkyD/byLp2xhUlTYgDucvrvLKp+sDogobmGqlmnSSO aktualizovany
2021-10-21 08:37:33,940 INFO     POSIDENT MvCbj6Q05AQW6847EAgIYrqDl8FsW8iuqz8WE/HYFlpxpTCi+ZWTWE8dAPeAWfTMF1wjj1diDvFHVemk8/36dxQsW43Uru7qNvUgjA0dTLp6FJD3zaBDiCU/SbyoKdsU USPESNE STAZEN
2021-10-21 08:37:33,948 INFO     POSIDENT g4EDGsOOSJKaTbLxdmmIcj8xUOiCckDSBeYZG2QP8Pyo2wimkedJNVIfN+/tdChJF372XZO9lHzT3DrU5tYksUlgO+qhLrcu5O5rYerU5DaW0LTwJY0Bn931ZJMUYSeD USPESNE STAZEN
2021-10-21 08:37:33,956 INFO     POSIDENT q4ZUhGQGivshfEEsiHkiC1iJJE3pRXruvCrdiEi+or/nkYeeJD1NajXvl5Mm8/CU8QeovLeXweZgIuOQW3+R6S9vo/4qfzC81k40opUrblk= USPESNE STAZEN
2021-10-21 08:37:33,959 INFO     POSIDENT bALPx2GbQF+oclIHg6WmRdXh3VGeifIWFvCKDsbvenLQNSYNrm6stXbIt7ywtIFTKcJ8K0vSAfKeokpiRi0l3Aex77vwTqobXY/c2lb1xw0= USPESNE STAZEN
2021-10-21 08:37:33,964 INFO     POSIDENT 5XEbVUHVfI6OxlRPfJGQH6zTwljfLIEzxpL2+mYKOAkIlVMDACBfwbGRkxThLw94hZsh7wZCDRSKiMSbaMMEXuSHd/RO5NZXuOsJqhYGlKI= USPESNE STAZEN
2021-10-21 08:37:33,967 INFO     POSIDENT ltTJU+/1imoqO4saz1ta1pntVZVjlmlhpGVVh7Fj6CWr6Vgawjzeh7VgOuVYXDOW5lRObbNrYbtKIm2eQuy574oba80Ht3or9iloCT+zPM0= USPESNE STAZEN
2021-10-21 08:37:33,971 INFO     POSIDENT QbLYFV/XGTZN3skq8A77iw0jXtvYHadpwu1NNJiAIo2AxO/xomD4UCTqS/vTmeeX8eOr3Elw3K8/sYINSFQWG911P+EqAbPgVARJIHZvtkY= USPESNE STAZEN
2021-10-21 08:37:33,975 INFO     POSIDENT H6BJyag+3cV1xBsFPBuuip4rM871q3h2gO2AszXSo6CmQ9q6IQ+sqm+YGxa8TyS365iI6gf3iY3cV9REk4c0H9FpsORYvWNYFwG7CrJ9iLas5dj12SPyvF51BRjr/0au USPESNE STAZEN
2021-10-21 08:37:33,978 INFO     POSIDENT rPKv7V+fiEfstUB0S6cpEXh6yGTq4bTlCE6uBX5kXieyAh7EWrBaFnwukM66O1XZH25ALIqbX1tDBENeMzMJccMI/bn5rUrlJhEog7igBLY= USPESNE STAZEN
2021-10-21 08:37:33,983 INFO     POSIDENT rdsGfgHvYfix3H2OkFc5hhGU9AzpRXOZ8wOen/EBHoSu+oxaE9cUuQfix2dxN4Ly+Z6KVQlqDqPxEwTEhD9dcfIiP1TKGUho0PE8lkkSZYOYQIcVm5TH5bmcWK1EL2Vf USPESNE STAZEN
2021-10-21 08:37:34,015 INFO     Radky v databazi u POSIdentu MvCbj6Q05AQW6847EAgIYrqDl8FsW8iuqz8WE/HYFlpxpTCi+ZWTWE8dAPeAWfTMF1wjj1diDvFHVemk8/36dxQsW43Uru7qNvUgjA0dTLp6FJD3zaBDiCU/SbyoKdsU aktualizovany
2021-10-21 08:37:34,031 INFO     Radky v databazi u POSIdentu g4EDGsOOSJKaTbLxdmmIcj8xUOiCckDSBeYZG2QP8Pyo2wimkedJNVIfN+/tdChJF372XZO9lHzT3DrU5tYksUlgO+qhLrcu5O5rYerU5DaW0LTwJY0Bn931ZJMUYSeD aktualizovany
2021-10-21 08:37:34,042 INFO     Radky v databazi u POSIdentu q4ZUhGQGivshfEEsiHkiC1iJJE3pRXruvCrdiEi+or/nkYeeJD1NajXvl5Mm8/CU8QeovLeXweZgIuOQW3+R6S9vo/4qfzC81k40opUrblk= aktualizovany
2021-10-21 08:37:34,052 INFO     Radky v databazi u POSIdentu bALPx2GbQF+oclIHg6WmRdXh3VGeifIWFvCKDsbvenLQNSYNrm6stXbIt7ywtIFTKcJ8K0vSAfKeokpiRi0l3Aex77vwTqobXY/c2lb1xw0= aktualizovany
2021-10-21 08:37:34,060 INFO     Radky v databazi u POSIdentu 5XEbVUHVfI6OxlRPfJGQH6zTwljfLIEzxpL2+mYKOAkIlVMDACBfwbGRkxThLw94hZsh7wZCDRSKiMSbaMMEXuSHd/RO5NZXuOsJqhYGlKI= aktualizovany
2021-10-21 08:37:34,070 INFO     Radky v databazi u POSIdentu ltTJU+/1imoqO4saz1ta1pntVZVjlmlhpGVVh7Fj6CWr6Vgawjzeh7VgOuVYXDOW5lRObbNrYbtKIm2eQuy574oba80Ht3or9iloCT+zPM0= aktualizovany
2021-10-21 08:37:34,080 INFO     Radky v databazi u POSIdentu QbLYFV/XGTZN3skq8A77iw0jXtvYHadpwu1NNJiAIo2AxO/xomD4UCTqS/vTmeeX8eOr3Elw3K8/sYINSFQWG911P+EqAbPgVARJIHZvtkY= aktualizovany
2021-10-21 08:37:34,091 INFO     Radky v databazi u POSIdentu H6BJyag+3cV1xBsFPBuuip4rM871q3h2gO2AszXSo6CmQ9q6IQ+sqm+YGxa8TyS365iI6gf3iY3cV9REk4c0H9FpsORYvWNYFwG7CrJ9iLas5dj12SPyvF51BRjr/0au aktualizovany
2021-10-21 08:37:34,101 INFO     Radky v databazi u POSIdentu rPKv7V+fiEfstUB0S6cpEXh6yGTq4bTlCE6uBX5kXieyAh7EWrBaFnwukM66O1XZH25ALIqbX1tDBENeMzMJccMI/bn5rUrlJhEog7igBLY= aktualizovany
2021-10-21 08:37:34,119 INFO     Radky v databazi u POSIdentu rdsGfgHvYfix3H2OkFc5hhGU9AzpRXOZ8wOen/EBHoSu+oxaE9cUuQfix2dxN4Ly+Z6KVQlqDqPxEwTEhD9dcfIiP1TKGUho0PE8lkkSZYOYQIcVm5TH5bmcWK1EL2Vf aktualizovany
2021-10-21 08:37:34,418 INFO     POSIDENT cWAf13LtjvC9SIY05qIFaek9K/RpuqJao0AMXiHsDYFjM2eS251ouFycwesABoDs2wWu+kFTmYqxhJyeR7e+WrdGQBbrYHk4M21Ai3xMSF4= USPESNE STAZEN
2021-10-21 08:37:34,424 INFO     POSIDENT KhrNZfOu3UPVx0J3V8kMtS9CZ5x9bc/JsMxwurOsDV7Z/IpcR6nA43E3vtpb+uujF4/FF7VOesEOFK3IS4UbncSMhhLL215enh/PGWVACCHNXwDFbAXYk9f1KAuFGSY0 USPESNE STAZEN
2021-10-21 08:37:34,428 INFO     POSIDENT OnlsGwGAyTMPH15d9slPGHS+ul00Ov2hYSesDj7FmHeRy6i+1ttOFelz2GYwTBWMONxcreKb+0Bf2840TsM6LHBDumdabpRRCj+TFicfIo0= USPESNE STAZEN
2021-10-21 08:37:34,433 INFO     POSIDENT f0Fq5zu50GTRnrkINyLmm4FB6t2AI+NAKWQKLMEvIYouMLntEnHVlCeIfnqDywJNzc67IW3ooE0SGX8qZd79oaAoqiqTOgSmOJZB37UHE1c= USPESNE STAZEN
2021-10-21 08:37:34,439 INFO     POSIDENT MkyPxftPwByPP/3T9U6meQYmlU9Uga3YsRKeSLgcelx6L++1XjfRQIJPyJhaQvvlvRiyNUYZdw4tIbfYQq6t/P4y/zkOJPN2VLK3vnm1kks= USPESNE STAZEN
2021-10-21 08:37:34,442 INFO     POSIDENT 00ep7V5fFBZoFMeOfcAOPMRtu0G9svLcsDyC/fYkJk3EbFIqbw2kpRaC1jjS1V8bjacEwrp/SdxXZXdtwDzFj3vKzXvHF7k7HiDpVtv6fPAUIS/cKLcyZ7viQd7pE5FE USPESNE STAZEN
2021-10-21 08:37:34,447 INFO     POSIDENT AGLNrRX8gxMGgFxc57odWW/yGmn7NeHtyEPqURGIoazP16SegE6xwFHfWC/gQY+WgTtLKjG3cPMzRltvADCgso5adynZFpiklJffFOc7sSo= USPESNE STAZEN
2021-10-21 08:37:34,449 INFO     POSIDENT xJxa+PcfvdT7SIrl7ltvSOlLvQpoVfDY3QhOaspu0STpIUGz9fKJVtDp0bOnnUci5FzZU28fH/A1RJeYV2ZSAOJ1bsB5jodIKw8h+rgjINU= USPESNE STAZEN
2021-10-21 08:37:34,453 INFO     POSIDENT J0XZSVcq2fC4+FYE6P3FVpDsLeaKuuk80AoPHtHneWOa/KJrhWPux7doPjfExqFN4LQpeDRfyYI7bUweOjQiYfue4Tp65/jPFCtpDLTpHj4= USPESNE STAZEN
2021-10-21 08:37:34,457 INFO     POSIDENT ii1ts7FFbqpo6yGBWGh1nOLXCLjB90kz9iKvoIKpczc0Mv9v/qzYbRn4D5as9Bf9mjnNVahNGuqoXZSLs40xFaP0UXDmba00PDqVuo4FH5s= USPESNE STAZEN
2021-10-21 08:37:34,477 INFO     Radky v databazi u POSIdentu cWAf13LtjvC9SIY05qIFaek9K/RpuqJao0AMXiHsDYFjM2eS251ouFycwesABoDs2wWu+kFTmYqxhJyeR7e+WrdGQBbrYHk4M21Ai3xMSF4= aktualizovany
2021-10-21 08:37:34,488 INFO     Radky v databazi u POSIdentu KhrNZfOu3UPVx0J3V8kMtS9CZ5x9bc/JsMxwurOsDV7Z/IpcR6nA43E3vtpb+uujF4/FF7VOesEOFK3IS4UbncSMhhLL215enh/PGWVACCHNXwDFbAXYk9f1KAuFGSY0 aktualizovany
2021-10-21 08:37:34,497 INFO     Radky v databazi u POSIdentu OnlsGwGAyTMPH15d9slPGHS+ul00Ov2hYSesDj7FmHeRy6i+1ttOFelz2GYwTBWMONxcreKb+0Bf2840TsM6LHBDumdabpRRCj+TFicfIo0= aktualizovany
2021-10-21 08:37:34,513 INFO     Radky v databazi u POSIdentu f0Fq5zu50GTRnrkINyLmm4FB6t2AI+NAKWQKLMEvIYouMLntEnHVlCeIfnqDywJNzc67IW3ooE0SGX8qZd79oaAoqiqTOgSmOJZB37UHE1c= aktualizovany
2021-10-21 08:37:34,529 INFO     Radky v databazi u POSIdentu MkyPxftPwByPP/3T9U6meQYmlU9Uga3YsRKeSLgcelx6L++1XjfRQIJPyJhaQvvlvRiyNUYZdw4tIbfYQq6t/P4y/zkOJPN2VLK3vnm1kks= aktualizovany
2021-10-21 08:37:34,543 INFO     Radky v databazi u POSIdentu 00ep7V5fFBZoFMeOfcAOPMRtu0G9svLcsDyC/fYkJk3EbFIqbw2kpRaC1jjS1V8bjacEwrp/SdxXZXdtwDzFj3vKzXvHF7k7HiDpVtv6fPAUIS/cKLcyZ7viQd7pE5FE aktualizovany
2021-10-21 08:37:34,552 INFO     Radky v databazi u POSIdentu AGLNrRX8gxMGgFxc57odWW/yGmn7NeHtyEPqURGIoazP16SegE6xwFHfWC/gQY+WgTtLKjG3cPMzRltvADCgso5adynZFpiklJffFOc7sSo= aktualizovany
2021-10-21 08:37:34,561 INFO     Radky v databazi u POSIdentu xJxa+PcfvdT7SIrl7ltvSOlLvQpoVfDY3QhOaspu0STpIUGz9fKJVtDp0bOnnUci5FzZU28fH/A1RJeYV2ZSAOJ1bsB5jodIKw8h+rgjINU= aktualizovany
2021-10-21 08:37:34,583 INFO     Radky v databazi u POSIdentu J0XZSVcq2fC4+FYE6P3FVpDsLeaKuuk80AoPHtHneWOa/KJrhWPux7doPjfExqFN4LQpeDRfyYI7bUweOjQiYfue4Tp65/jPFCtpDLTpHj4= aktualizovany
2021-10-21 08:37:34,592 INFO     Radky v databazi u POSIdentu ii1ts7FFbqpo6yGBWGh1nOLXCLjB90kz9iKvoIKpczc0Mv9v/qzYbRn4D5as9Bf9mjnNVahNGuqoXZSLs40xFaP0UXDmba00PDqVuo4FH5s= aktualizovany
2021-10-21 08:37:34,860 INFO     POSIDENT MDJxuYEcvwdwAi1Fg0is3l8pQHEuYA3JuvhPN/UJqhDXFlzmCXQwxl3WwR400xI4Kh8loBqPredEDVXts4a8Ksr7O0PlW4HuYk5l6HIpY2s= USPESNE STAZEN
2021-10-21 08:37:34,874 INFO     POSIDENT 64R47PeqD9SONivn8apY/lJWp7PMqXzY9utJl+M+BfUUirKmMZliVuxYKEtLpIva6glOyFHdvIofu9Hwu2HKl1m5M6qSyaHfCuQu6GdIy0E= USPESNE STAZEN
2021-10-21 08:37:34,879 INFO     POSIDENT UtkReXE24+hFt9Wp0bqKaX85nwQdDmfMUgydTTHuf3xaV8DBXxPhnN/njjvOH7vurf6kdNoM0VtJq7id2emrlY9VTrLvGF+6WQl5MjmLBq0= USPESNE STAZEN
2021-10-21 08:37:34,883 INFO     POSIDENT /ipU68hnjrq1J7ZDi4JBaAyBiKjxZzpGZSVIfv8yFMKSKy3PpT/lba/0c4YCdqvrexVCCAL0MxBbob3A75l2Tnkgw/HHXtm0+abSHVywLEM= USPESNE STAZEN
2021-10-21 08:37:34,894 INFO     POSIDENT 4fX93lhUET5sT1ayzq9OpcSRV0gvsmNLslOQvs8+KTdyJsmn3y+TCQng5mo8u4MYP3wirZ0sAvHunZFDqcFGEGLmoyTsulfA3fwbyWIXnO0= USPESNE STAZEN
2021-10-21 08:37:34,895 INFO     POSIDENT xairWnG248pu7itR19AIT0hdzsYi1LAHuAt8fIswNgUvi97XTCdWljEuXGf2xQ4c5hhgGnY0ZVp2yOEEGwJ70iljjCDlCM46qs/+W/UHZSQ= USPESNE STAZEN
2021-10-21 08:37:34,897 INFO     POSIDENT neqUuNVqO4j95P+NofCPKL0MpZxkXTUrIQe/eQxf0fZUF4yLhcArvN3to7uRIMN7sVm18i3/pvS0bQbpHxmQT+iN8Gfl/dcR2gsSyVVLXGs= USPESNE STAZEN
2021-10-21 08:37:34,898 INFO     POSIDENT Ym8cWfYJCf8Urrv3bW6nwRZlwSmAaA/8kS8GFhllL8eFIJFCj0FhuzDnHm4d/DQi+nop3gtaovf0HR4b7x9LbCQdjj8cfjGO0N/jFAM+vK4= USPESNE STAZEN
2021-10-21 08:37:34,899 INFO     POSIDENT 8QZWq1vuQ1NdCHkoh0JT2+dtPBjool2L7dNZ6f7XTg/mUCOWuwssd0KErzLHrbhoji0ibmLF+XYB1yO8HkOMdAzdgdGISOTdPRN6VI5OtRw= USPESNE STAZEN
2021-10-21 08:37:34,904 INFO     POSIDENT 078yf28ANhKnYAoAfBZk6LwrtgWykcrWv2Inb0RySck69cjrSm5AFefIPtsNw/M2svL/JsumXXsklMRnHtccupBZ+KOedZqCraKOLujSdsc= USPESNE STAZEN
2021-10-21 08:37:34,936 INFO     Radky v databazi u POSIdentu MDJxuYEcvwdwAi1Fg0is3l8pQHEuYA3JuvhPN/UJqhDXFlzmCXQwxl3WwR400xI4Kh8loBqPredEDVXts4a8Ksr7O0PlW4HuYk5l6HIpY2s= aktualizovany
2021-10-21 08:37:34,947 INFO     Radky v databazi u POSIdentu 64R47PeqD9SONivn8apY/lJWp7PMqXzY9utJl+M+BfUUirKmMZliVuxYKEtLpIva6glOyFHdvIofu9Hwu2HKl1m5M6qSyaHfCuQu6GdIy0E= aktualizovany
2021-10-21 08:37:34,958 INFO     Radky v databazi u POSIdentu UtkReXE24+hFt9Wp0bqKaX85nwQdDmfMUgydTTHuf3xaV8DBXxPhnN/njjvOH7vurf6kdNoM0VtJq7id2emrlY9VTrLvGF+6WQl5MjmLBq0= aktualizovany
2021-10-21 08:37:34,968 INFO     Radky v databazi u POSIdentu /ipU68hnjrq1J7ZDi4JBaAyBiKjxZzpGZSVIfv8yFMKSKy3PpT/lba/0c4YCdqvrexVCCAL0MxBbob3A75l2Tnkgw/HHXtm0+abSHVywLEM= aktualizovany
2021-10-21 08:37:34,979 INFO     Radky v databazi u POSIdentu 4fX93lhUET5sT1ayzq9OpcSRV0gvsmNLslOQvs8+KTdyJsmn3y+TCQng5mo8u4MYP3wirZ0sAvHunZFDqcFGEGLmoyTsulfA3fwbyWIXnO0= aktualizovany
2021-10-21 08:37:34,991 INFO     Radky v databazi u POSIdentu xairWnG248pu7itR19AIT0hdzsYi1LAHuAt8fIswNgUvi97XTCdWljEuXGf2xQ4c5hhgGnY0ZVp2yOEEGwJ70iljjCDlCM46qs/+W/UHZSQ= aktualizovany
2021-10-21 08:37:35,002 INFO     Radky v databazi u POSIdentu neqUuNVqO4j95P+NofCPKL0MpZxkXTUrIQe/eQxf0fZUF4yLhcArvN3to7uRIMN7sVm18i3/pvS0bQbpHxmQT+iN8Gfl/dcR2gsSyVVLXGs= aktualizovany
2021-10-21 08:37:35,015 INFO     Radky v databazi u POSIdentu Ym8cWfYJCf8Urrv3bW6nwRZlwSmAaA/8kS8GFhllL8eFIJFCj0FhuzDnHm4d/DQi+nop3gtaovf0HR4b7x9LbCQdjj8cfjGO0N/jFAM+vK4= aktualizovany
2021-10-21 08:37:35,026 INFO     Radky v databazi u POSIdentu 8QZWq1vuQ1NdCHkoh0JT2+dtPBjool2L7dNZ6f7XTg/mUCOWuwssd0KErzLHrbhoji0ibmLF+XYB1yO8HkOMdAzdgdGISOTdPRN6VI5OtRw= aktualizovany
2021-10-21 08:37:35,037 INFO     Radky v databazi u POSIdentu 078yf28ANhKnYAoAfBZk6LwrtgWykcrWv2Inb0RySck69cjrSm5AFefIPtsNw/M2svL/JsumXXsklMRnHtccupBZ+KOedZqCraKOLujSdsc= aktualizovany
2021-10-21 08:37:35,279 INFO     POSIDENT cc3RAb7ln/HyHThRavcVRYDuQQHgv9VV8nNlwdBNLUZ6oCPq/qyk+T1vPYEx0GCJEl+tQ7UbtUZMwecAoFcEAqknnyNkwfherStqUhxxEQ8= USPESNE STAZEN
2021-10-21 08:37:35,285 INFO     POSIDENT hYx9AoiwOYp3PeBhp6IQj6ziSiq2pyPNpBi1mvE38CFs26YIOfEcz/gX7/onHmSLHl2uWlIZPprUd3pXACAgkJcYspPiGc8uOWt9Q18iiYA= USPESNE STAZEN
2021-10-21 08:37:35,297 INFO     POSIDENT OlVCtLEjQ+aNPyQNdT0JZPdJ2BEokpMEB+uTlQIY3kneRjP1aRL3CA72359ulPAbO8VfGzNtFEYkByykTtoLJTljQAtit7OAw+N65g+1hCE= USPESNE STAZEN
2021-10-21 08:37:35,302 INFO     POSIDENT l0raZybOozQ95JWgTnaQpiplmmtdzAp2RiExSTwc+CmrRcDkW8jPHrWwYA33OP9DV3647Ea9f04G8Wyca2N6FJccnQQNFaY66A5TWLwA8dc= USPESNE STAZEN
2021-10-21 08:37:35,306 INFO     POSIDENT 4m3Yuf1esDMzbgNGYW7kv4xM1N45Dxn1k9MaGswf4YFbSpYmJ+3xwjL90xaHQXSbHmnsQrT0+ynMYrGA2IZA8C2XWS7b0Diy4ZU0x4rQBKE= USPESNE STAZEN
2021-10-21 08:37:35,311 INFO     POSIDENT SI/WjbMksk0HBoUSFb0r0NOoDDPWyQOD/Gjj5J9jXLz6sc4WfJV5XNHIk5db70rNpI+UYws/pK5I8LaeZTkzroFmjKWrOowSE727Vd6F8AI= USPESNE STAZEN
2021-10-21 08:37:35,313 INFO     POSIDENT UKcYWvUUTpNi8flxUzlm+TSnnprgWLVUHQLYF9LrVQpOOqQ6wycE7XBa1xVt+SzU+NR+i4CvbqbaTivPkjaaQbFOZw8LEOjjFYowWGpfJHKUl6UeeOCVx+jaGjtgvaWo USPESNE STAZEN
2021-10-21 08:37:35,317 INFO     POSIDENT iiEV2WxdTX+t1nEWFd7yaYbQZZywMlcwPhbKqBAzOY6CX0HQ2oRjBHYMhQqUlWEI4y+81BfCeY6OP0xZQrr1RKnpMsPGHI4JzDnlw+BAUK4= USPESNE STAZEN
2021-10-21 08:37:35,321 INFO     POSIDENT +lQ0Ne+Jhd5K4uvds1/KT8qqJcoA/eJ5OloIoqvCQi04X93kbmO62f/i2fqJgk62odrpl2ye04ue7tlKR93hckH4u46kVMoHQWmYF/rBWMA= USPESNE STAZEN
2021-10-21 08:37:35,325 INFO     POSIDENT lWpFU3UmWlpSe8TtpUMRBCFflbRtrT1aEpzxnv1MEXnpCGhTicndBKbyJjsfMJMdgH+U78n9GU5DNm6bXxNhnC2JU2MIzwpJObcy4n2Baqk= USPESNE STAZEN
2021-10-21 08:37:35,343 INFO     Radky v databazi u POSIdentu cc3RAb7ln/HyHThRavcVRYDuQQHgv9VV8nNlwdBNLUZ6oCPq/qyk+T1vPYEx0GCJEl+tQ7UbtUZMwecAoFcEAqknnyNkwfherStqUhxxEQ8= aktualizovany
2021-10-21 08:37:35,360 INFO     Radky v databazi u POSIdentu hYx9AoiwOYp3PeBhp6IQj6ziSiq2pyPNpBi1mvE38CFs26YIOfEcz/gX7/onHmSLHl2uWlIZPprUd3pXACAgkJcYspPiGc8uOWt9Q18iiYA= aktualizovany
2021-10-21 08:37:35,372 INFO     Radky v databazi u POSIdentu OlVCtLEjQ+aNPyQNdT0JZPdJ2BEokpMEB+uTlQIY3kneRjP1aRL3CA72359ulPAbO8VfGzNtFEYkByykTtoLJTljQAtit7OAw+N65g+1hCE= aktualizovany
2021-10-21 08:37:35,385 INFO     Radky v databazi u POSIdentu l0raZybOozQ95JWgTnaQpiplmmtdzAp2RiExSTwc+CmrRcDkW8jPHrWwYA33OP9DV3647Ea9f04G8Wyca2N6FJccnQQNFaY66A5TWLwA8dc= aktualizovany
2021-10-21 08:37:35,399 INFO     Radky v databazi u POSIdentu 4m3Yuf1esDMzbgNGYW7kv4xM1N45Dxn1k9MaGswf4YFbSpYmJ+3xwjL90xaHQXSbHmnsQrT0+ynMYrGA2IZA8C2XWS7b0Diy4ZU0x4rQBKE= aktualizovany
2021-10-21 08:37:35,418 INFO     Radky v databazi u POSIdentu SI/WjbMksk0HBoUSFb0r0NOoDDPWyQOD/Gjj5J9jXLz6sc4WfJV5XNHIk5db70rNpI+UYws/pK5I8LaeZTkzroFmjKWrOowSE727Vd6F8AI= aktualizovany
2021-10-21 08:37:35,430 INFO     Radky v databazi u POSIdentu UKcYWvUUTpNi8flxUzlm+TSnnprgWLVUHQLYF9LrVQpOOqQ6wycE7XBa1xVt+SzU+NR+i4CvbqbaTivPkjaaQbFOZw8LEOjjFYowWGpfJHKUl6UeeOCVx+jaGjtgvaWo aktualizovany
2021-10-21 08:37:35,445 INFO     Radky v databazi u POSIdentu iiEV2WxdTX+t1nEWFd7yaYbQZZywMlcwPhbKqBAzOY6CX0HQ2oRjBHYMhQqUlWEI4y+81BfCeY6OP0xZQrr1RKnpMsPGHI4JzDnlw+BAUK4= aktualizovany
2021-10-21 08:37:35,454 INFO     Radky v databazi u POSIdentu +lQ0Ne+Jhd5K4uvds1/KT8qqJcoA/eJ5OloIoqvCQi04X93kbmO62f/i2fqJgk62odrpl2ye04ue7tlKR93hckH4u46kVMoHQWmYF/rBWMA= aktualizovany
2021-10-21 08:37:35,466 INFO     Radky v databazi u POSIdentu lWpFU3UmWlpSe8TtpUMRBCFflbRtrT1aEpzxnv1MEXnpCGhTicndBKbyJjsfMJMdgH+U78n9GU5DNm6bXxNhnC2JU2MIzwpJObcy4n2Baqk= aktualizovany
2021-10-21 08:37:35,749 INFO     POSIDENT +VKfYaKhJDrRHUWeS2e7xO7g+HhFQapZMPa5kamaF/wSOs6r3xEPEVFhtUlWqcXO9GTopZEjqpsTbsKhZmN7VxYJSxvgcgTWMGdxYkQVCaU= USPESNE STAZEN
2021-10-21 08:37:35,758 INFO     POSIDENT DqJj5oG/KEn8Q/Q6Kyh4kM1M3AeoyvOzDBYgQ6vQvCLC7pU1cHmPTEyzCfhCvzeZbeAuEchEqmWXu1R9UGKSNlfY9G/wZcA3lqfBd+wfigs= USPESNE STAZEN
2021-10-21 08:37:35,761 INFO     POSIDENT /AOrBGOFR+4GtqsAvOXC/3kKd0OCEPBVRfEsIPHeW3CoGcU1dio8gmrulsH5/KEvySRvbRT2hlDOXICKukDLldMgNY5z+yASe8F1rqBlKug= USPESNE STAZEN
2021-10-21 08:37:35,771 INFO     POSIDENT hkL5rQrRg4S5vLOBt4eIJJ2V2TYoj0cfedxg4BSHxDvBJaNn+d2ls2yJhQkE7K5+I/9kkq+O03kCIXt6l6W4ga3EUu0UY/A+TRgJcpxsiahtWTyp5miG9XnLxAhSWHJ5 USPESNE STAZEN
2021-10-21 08:37:35,773 INFO     POSIDENT FxrmEj8jkUJ9rfUt8DkkVOUbhQdxwKgENy+oxwXMp0yU3OttGGEKPmExw49PdHUzB2Fwto/UgZ+MAHpoXFEeOWwwuK+acbAp2CPWPzhTl9A= USPESNE STAZEN
2021-10-21 08:37:35,790 INFO     POSIDENT mSH6sS5yv6vA2jEOtyHeXbjjmSLmJ6SkHkWy/unkzDUZk7xIPT4ioZT0NeRHDgnO9rulMBaBITs2aW7PRZ1GTMRq6GAz0Ie+yIhff+XnzY8= USPESNE STAZEN
2021-10-21 08:37:35,795 INFO     POSIDENT Z3anPBTLRy4YQTD0UgZkTJ+keVuWZ8j50lI8whQPyaERWuqwwnwsnvPL5JvmjhqosP5ukUJEFe29IEnCIx6/MSQ0jCVnAyGflCmCnQBnc3JQLWVD9vLnWZYbgp+9oL3r USPESNE STAZEN
2021-10-21 08:37:35,802 INFO     POSIDENT xwHUBBpYTSRS3sFNKTf++dy1Sq83Nmg0C3LE2zx/dRI/jmDT/1OXGDmy3qOw9d0bhwXKp2Oh1GzKgb1Cn4XPvr4qRmtDDESo1yswvoJeFP30WPTfjkelYDu3p6O0eFVE USPESNE STAZEN
2021-10-21 08:37:35,828 INFO     Radky v databazi u POSIdentu +VKfYaKhJDrRHUWeS2e7xO7g+HhFQapZMPa5kamaF/wSOs6r3xEPEVFhtUlWqcXO9GTopZEjqpsTbsKhZmN7VxYJSxvgcgTWMGdxYkQVCaU= aktualizovany
2021-10-21 08:37:35,841 INFO     Radky v databazi u POSIdentu DqJj5oG/KEn8Q/Q6Kyh4kM1M3AeoyvOzDBYgQ6vQvCLC7pU1cHmPTEyzCfhCvzeZbeAuEchEqmWXu1R9UGKSNlfY9G/wZcA3lqfBd+wfigs= aktualizovany
2021-10-21 08:37:35,856 INFO     Radky v databazi u POSIdentu /AOrBGOFR+4GtqsAvOXC/3kKd0OCEPBVRfEsIPHeW3CoGcU1dio8gmrulsH5/KEvySRvbRT2hlDOXICKukDLldMgNY5z+yASe8F1rqBlKug= aktualizovany
2021-10-21 08:37:35,866 INFO     Radky v databazi u POSIdentu hkL5rQrRg4S5vLOBt4eIJJ2V2TYoj0cfedxg4BSHxDvBJaNn+d2ls2yJhQkE7K5+I/9kkq+O03kCIXt6l6W4ga3EUu0UY/A+TRgJcpxsiahtWTyp5miG9XnLxAhSWHJ5 aktualizovany
2021-10-21 08:37:35,879 INFO     Radky v databazi u POSIdentu FxrmEj8jkUJ9rfUt8DkkVOUbhQdxwKgENy+oxwXMp0yU3OttGGEKPmExw49PdHUzB2Fwto/UgZ+MAHpoXFEeOWwwuK+acbAp2CPWPzhTl9A= aktualizovany
2021-10-21 08:37:35,889 INFO     Radky v databazi u POSIdentu mSH6sS5yv6vA2jEOtyHeXbjjmSLmJ6SkHkWy/unkzDUZk7xIPT4ioZT0NeRHDgnO9rulMBaBITs2aW7PRZ1GTMRq6GAz0Ie+yIhff+XnzY8= aktualizovany
2021-10-21 08:37:35,900 INFO     Radky v databazi u POSIdentu Z3anPBTLRy4YQTD0UgZkTJ+keVuWZ8j50lI8whQPyaERWuqwwnwsnvPL5JvmjhqosP5ukUJEFe29IEnCIx6/MSQ0jCVnAyGflCmCnQBnc3JQLWVD9vLnWZYbgp+9oL3r aktualizovany
2021-10-21 08:37:35,910 INFO     Radky v databazi u POSIdentu xwHUBBpYTSRS3sFNKTf++dy1Sq83Nmg0C3LE2zx/dRI/jmDT/1OXGDmy3qOw9d0bhwXKp2Oh1GzKgb1Cn4XPvr4qRmtDDESo1yswvoJeFP30WPTfjkelYDu3p6O0eFVE aktualizovany
2021-10-21 08:37:35,914 INFO     Pocet dotazovanych posidentu: 108.
2021-10-21 08:37:35,917 INFO     Pocet pozadavku do ktereho byl dotaz rozdelen: 11.
2021-10-21 08:37:35,922 INFO     Pocet uspesne stazenych posidentu: 108
2021-10-21 08:37:35,930 INFO     Neplatny identifikator: 0x.
2021-10-21 08:37:35,931 INFO     Expirovany identifikator: 0x.
2021-10-21 08:37:35,934 INFO     Opravneny subjekt neexistuje: 0x.
2021-10-21 08:37:36,429 INFO     POSIDENT 078yf28ANhKnYAoAfBZk6LwrtgWykcrWv2Inb0RySck69cjrSm5AFefIPtsNw/M2svL/JsumXXsklMRnHtccupBZ+KOedZqCraKOLujSdsc= USPESNE STAZEN
2021-10-21 08:37:36,437 INFO     POSIDENT 00ep7V5fFBZoFMeOfcAOPMRtu0G9svLcsDyC/fYkJk3EbFIqbw2kpRaC1jjS1V8bjacEwrp/SdxXZXdtwDzFj3vKzXvHF7k7HiDpVtv6fPAUIS/cKLcyZ7viQd7pE5FE USPESNE STAZEN
2021-10-21 08:37:36,444 INFO     POSIDENT /AOrBGOFR+4GtqsAvOXC/3kKd0OCEPBVRfEsIPHeW3CoGcU1dio8gmrulsH5/KEvySRvbRT2hlDOXICKukDLldMgNY5z+yASe8F1rqBlKug= USPESNE STAZEN
2021-10-21 08:37:36,449 INFO     POSIDENT 2fa9YZ/g+IACqr1Etk+QIUPK51iiTwCA/t/nTw+U9RUmjfYorPLrzpPd46Bmj3C3tfw3cyOy5bx0ogGCOZ01eUctqHZQzXY903JlPvzPzlw= USPESNE STAZEN
2021-10-21 08:37:36,455 INFO     POSIDENT /ipU68hnjrq1J7ZDi4JBaAyBiKjxZzpGZSVIfv8yFMKSKy3PpT/lba/0c4YCdqvrexVCCAL0MxBbob3A75l2Tnkgw/HHXtm0+abSHVywLEM= USPESNE STAZEN
2021-10-21 08:37:36,460 INFO     POSIDENT 1fvxg03sxZo/hSaLM7Lww9w46fBDLTZx2NREsAV7HwkGRjxGKxwq/yWF24gjR+BGxTTQSSLZzxzKsCANYGfupv2Us5sf3kcnc1BVKPtcz5s= USPESNE STAZEN
2021-10-21 08:37:36,464 INFO     POSIDENT 3ZendyrB5RiGiS5emPZ8oWRhZZQOsLiOHI329ANsTWE3+RDPfNFmHeJzpKvspfBZpBX5RpwGNirjH3hlHeysozmb3+g52m7EfdnRYUR/iAA= USPESNE STAZEN
2021-10-21 08:37:36,469 INFO     POSIDENT +VKfYaKhJDrRHUWeS2e7xO7g+HhFQapZMPa5kamaF/wSOs6r3xEPEVFhtUlWqcXO9GTopZEjqpsTbsKhZmN7VxYJSxvgcgTWMGdxYkQVCaU= USPESNE STAZEN
2021-10-21 08:37:36,474 INFO     POSIDENT +lQ0Ne+Jhd5K4uvds1/KT8qqJcoA/eJ5OloIoqvCQi04X93kbmO62f/i2fqJgk62odrpl2ye04ue7tlKR93hckH4u46kVMoHQWmYF/rBWMA= USPESNE STAZEN
2021-10-21 08:37:36,478 INFO     POSIDENT 1icyYJRr8366DjQYyqdj/TTYUgGOuUSp6ck6NDaYLdQ6lU3sbdOjY6CKYEN5T6XuJ8mBowWJicz/4l0lrv0Y+AZetgmFuW0OoM7yEd+5evQ= USPESNE STAZEN
2021-10-21 08:37:36,508 INFO     Radky v databazi u POSIdentu 078yf28ANhKnYAoAfBZk6LwrtgWykcrWv2Inb0RySck69cjrSm5AFefIPtsNw/M2svL/JsumXXsklMRnHtccupBZ+KOedZqCraKOLujSdsc= aktualizovany
2021-10-21 08:37:36,523 INFO     Radky v databazi u POSIdentu 00ep7V5fFBZoFMeOfcAOPMRtu0G9svLcsDyC/fYkJk3EbFIqbw2kpRaC1jjS1V8bjacEwrp/SdxXZXdtwDzFj3vKzXvHF7k7HiDpVtv6fPAUIS/cKLcyZ7viQd7pE5FE aktualizovany
2021-10-21 08:37:36,543 INFO     Radky v databazi u POSIdentu /AOrBGOFR+4GtqsAvOXC/3kKd0OCEPBVRfEsIPHeW3CoGcU1dio8gmrulsH5/KEvySRvbRT2hlDOXICKukDLldMgNY5z+yASe8F1rqBlKug= aktualizovany
2021-10-21 08:37:36,556 INFO     Radky v databazi u POSIdentu 2fa9YZ/g+IACqr1Etk+QIUPK51iiTwCA/t/nTw+U9RUmjfYorPLrzpPd46Bmj3C3tfw3cyOy5bx0ogGCOZ01eUctqHZQzXY903JlPvzPzlw= aktualizovany
2021-10-21 08:37:36,572 INFO     Radky v databazi u POSIdentu /ipU68hnjrq1J7ZDi4JBaAyBiKjxZzpGZSVIfv8yFMKSKy3PpT/lba/0c4YCdqvrexVCCAL0MxBbob3A75l2Tnkgw/HHXtm0+abSHVywLEM= aktualizovany
2021-10-21 08:37:36,583 INFO     Radky v databazi u POSIdentu 1fvxg03sxZo/hSaLM7Lww9w46fBDLTZx2NREsAV7HwkGRjxGKxwq/yWF24gjR+BGxTTQSSLZzxzKsCANYGfupv2Us5sf3kcnc1BVKPtcz5s= aktualizovany
2021-10-21 08:37:36,594 INFO     Radky v databazi u POSIdentu 3ZendyrB5RiGiS5emPZ8oWRhZZQOsLiOHI329ANsTWE3+RDPfNFmHeJzpKvspfBZpBX5RpwGNirjH3hlHeysozmb3+g52m7EfdnRYUR/iAA= aktualizovany
2021-10-21 08:37:36,604 INFO     Radky v databazi u POSIdentu +VKfYaKhJDrRHUWeS2e7xO7g+HhFQapZMPa5kamaF/wSOs6r3xEPEVFhtUlWqcXO9GTopZEjqpsTbsKhZmN7VxYJSxvgcgTWMGdxYkQVCaU= aktualizovany
2021-10-21 08:37:36,613 INFO     Radky v databazi u POSIdentu +lQ0Ne+Jhd5K4uvds1/KT8qqJcoA/eJ5OloIoqvCQi04X93kbmO62f/i2fqJgk62odrpl2ye04ue7tlKR93hckH4u46kVMoHQWmYF/rBWMA= aktualizovany
2021-10-21 08:37:36,624 INFO     Radky v databazi u POSIdentu 1icyYJRr8366DjQYyqdj/TTYUgGOuUSp6ck6NDaYLdQ6lU3sbdOjY6CKYEN5T6XuJ8mBowWJicz/4l0lrv0Y+AZetgmFuW0OoM7yEd+5evQ= aktualizovany
2021-10-21 08:37:36,629 INFO     Pocet dotazovanych posidentu: 10.
2021-10-21 08:37:36,640 INFO     Pocet pozadavku do ktereho byl dotaz rozdelen: 1.
2021-10-21 08:37:36,646 INFO     Pocet uspesne stazenych posidentu: 10
2021-10-21 08:37:36,650 INFO     Neplatny identifikator: 0x.
2021-10-21 08:37:36,653 INFO     Expirovany identifikator: 0x.
2021-10-21 08:37:36,660 INFO     Opravneny subjekt neexistuje: 0x.
