2021-10-14 08:45:09,238 INFO     POSIDENT m+o3Qoxrit4ZwyJIPjx3X788EOgtJieiZYw/eqwxTPERjsqLramxBhGoAaAnooYAliQoVBYy7Q7fN2cVAxsAoUoPFaReqsfYWOZJjMBj/6Q= EXPIROVANY IDENTIFIKATOR
2021-10-14 08:45:09,246 INFO     POSIDENT 
mSH6sS5yv6vA2jEOtyHeXaXIJpC2m0Ai56aKzsVmEphUNyjFQYgC8MOLnu3+3Zugm8JQW2AJqEJYcSiqXdPbnb/03PKgyNkYWaS876wv0tg= EXPIROVANY IDENTIFIKATOR
2021-10-14 08:45:09,252 INFO     POSIDENT 
xairWnG248pu7itR19AIT87mDFI8yY0K0ms7v/iDY679wQ4EN5bMhMPSTXxgWDxMWZ0IoV/ihjGkNMXeqXHrMZsEbHBTzD9RUIOXw5M1hmE= EXPIROVANY IDENTIFIKATOR
2021-10-14 08:45:09,255 INFO     POSIDENT 
4m3Yuf1esDMzbgNGYW7kvzjlaZALZ3v3D7cXmxgCcFp0RerVtxqo8yb87oI0FBCtp49AycQ5NNI3vl+b+SEa+8SfmGU4sqBPH2pX/76wyBI= EXPIROVANY IDENTIFIKATOR
2021-10-14 08:45:09,262 INFO     POSIDENT 
BBgBQ2wok0L43hEZUEeieq8FrrQsT1SHIrpQBRwgLw2uTvTsXvGloIYnr+7J2z6t/hadCsyhcbxgrf47ByzpbY5TjyiUPxyXhlS73MKArjs= EXPIROVANY IDENTIFIKATOR
2021-10-14 08:45:09,277 INFO     POSIDENT 
ltTJU+/1imoqO4saz1ta1r88QGUxEkjRTfHUiC9Y9yfDKSM4c8soK/vz7bGd1JNwQPUiFayJQdLN0gPkusnnoNLo47RqbEoQxfg+eEuvTaQ= EXPIROVANY IDENTIFIKATOR
2021-10-14 08:45:09,277 INFO     POSIDENT 
OlVCtLEjQ+aNPyQNdT0JZOkkxvwl8t9DllRl/HiNx7G3QFyZnvKA4e2LBTSX+YuK41/rSMvAnm63ZeWPyZQCX77GuP1GZwwf2hVkKzVY/94= EXPIROVANY IDENTIFIKATOR
2021-10-14 08:45:09,278 INFO     POSIDENT 
KdSYyo8J1zUPVqxHUtY+tYA2w7krH9U+59hCYU8TXGZ06e74GGekPinyLtiSz+gO7ZmpWetCSaxvu1nXa6+t7w92wpqfa5jPpkfv5HF9MMA= EXPIROVANY IDENTIFIKATOR
2021-10-14 08:45:09,279 INFO     POSIDENT 
5wQRil9Nd5KIrn5KWTf8+sksZslnMqy2tveDvYPIsd1cd9qHYs1V9d9uZVwBEVe5Sknvonhh+FDiaYEJa+RdHM3VtvGsIqsc2Hm3mX0xYfs= EXPIROVANY IDENTIFIKATOR
2021-10-14 08:45:09,282 INFO     POSIDENT 
UKcYWvUUTpNi8flxUzlm+Ss5iq0JV3CiStJSAMOk6xHFQncZraFeO9yj8OGraKiDJ8eLB0FegdXYuyYWsEXiv2H9ws95ezlKNTqR6ze7aOnR3a7NWzWJfe+R5VHfU13+
 EXPIROVANY IDENTIFIKATOR
2021-10-14 08:45:09,285 INFO     Pocet dotazovanych posidentu: 10.
2021-10-14 08:45:09,286 INFO     Pocet pozadavku do ktereho byl dotaz rozdelen: 1.
2021-10-14 08:45:09,289 INFO     Pocet uspesne stazenych posidentu: 0
2021-10-14 08:45:09,291 INFO     Neplatny identifikator: 0x.
2021-10-14 08:45:09,293 INFO     Expirovany identifikator: 10x.
2021-10-14 08:45:09,297 INFO     Opravneny subjekt neexistuje: 0x.
2021-10-14 08:45:38,435 INFO     POSIDENT uecJ/wWk2Ej6CAnwe3i0y0jfrp9Xr1oMVJ+9kLKpkU8trb/GSsJmcvNw7XJ0dzNpkKLYrpaxDPIVMKGKnG/ZMzSYtEOoqKGnRHhbt/PXjUr/RJzL4O5LlsS30GNP3Kka USPESNE STAZEN
2021-10-14 08:45:38,441 INFO     POSIDENT 
Vm+8vMmIsWsvcxR9zMDL9Cy+E0ZgHj9AJ3kwMqaLxguXn6wJcfM3e3LWpd7RzRxm3woikNUtGPF45crUFMpAsfsa/Bmx4YzTqTFCj0vhoQY= USPESNE STAZEN
2021-10-14 08:45:38,446 INFO     POSIDENT 
T/sOfNBmULfA5GzBpJRYu3UWEwhw4PFYydRQSh7x1PSc4RTRLXYaXTfpbt2Da17zSJPbQDKce+cHMMQVCVBRj9+U8wwRYYTBTgLsWbpMpuY= USPESNE STAZEN
2021-10-14 08:45:38,453 INFO     POSIDENT 
lWpFU3UmWlpSe8TtpUMRBCFflbRtrT1aEpzxnv1MEXnpCGhTicndBKbyJjsfMJMdgH+U78n9GU5DNm6bXxNhnC2JU2MIzwpJObcy4n2Baqk= USPESNE STAZEN
2021-10-14 08:45:38,456 INFO     POSIDENT 
mDkas+QvEOd4+XBxuIW4Da3aEEdBAod5OJM/9la0ivdkMk7DTs9DqRZEI5Lc3wAC7Yb1sw4kp/JEFP3nnG2ZcPT36EJYO+EfrC0OlzewTfM= USPESNE STAZEN
2021-10-14 08:45:38,461 INFO     POSIDENT 
7TsaZA7GFeEVxMscggvr2LkRAZwqfDywZ9HtkoX92fdNI/VFseD7SjfY8rJ7IlS7o2MG7D4mG56FZUTFOUWW7a5GeMmtDAasGLtodOgvIOA= USPESNE STAZEN
2021-10-14 08:45:38,466 INFO     POSIDENT 
yqpT3s/QygUWqCsg/azKypTOTOuJdbjB/16kQv0m5uugaHFJh8Mtp2i7sCdt71GRZixdYAzCVqEa4mNgvEjDECGf0Fby1B2nv1NdlyFQPrg= USPESNE STAZEN
2021-10-14 08:45:38,471 INFO     POSIDENT 
Z3anPBTLRy4YQTD0UgZkTJ+keVuWZ8j50lI8whQPyaERWuqwwnwsnvPL5JvmjhqosP5ukUJEFe29IEnCIx6/MSQ0jCVnAyGflCmCnQBnc3JQLWVD9vLnWZYbgp+9oL3r USPESNE STAZEN
2021-10-14 08:45:38,474 INFO     POSIDENT 
i0/Tr+VNmKgY+wJydNVJbCob8vQemEnjdn3A2r2ffhs8dz4IHH2H2AVcFvTyEOe3ci6MD33ZHXqEu8Lr8L1xtG3SHwhy2TBVM3bEa6vFpMbxj5wBXmFfT/QAGRrOqWBN USPESNE STAZEN
2021-10-14 08:45:38,478 INFO     POSIDENT 
/AOrBGOFR+4GtqsAvOXC/3kKd0OCEPBVRfEsIPHeW3CoGcU1dio8gmrulsH5/KEvySRvbRT2hlDOXICKukDLldMgNY5z+yASe8F1rqBlKug=
 USPESNE STAZEN
2021-10-14 08:45:38,483 INFO     Radky v csv u POSIdentu uecJ/wWk2Ej6CAnwe3i0y0jfrp9Xr1oMVJ+9kLKpkU8trb/GSsJmcvNw7XJ0dzNpkKLYrpaxDPIVMKGKnG/ZMzSYtEOoqKGnRHhbt/PXjUr/RJzL4O5LlsS30GNP3Kka aktualizovany
2021-10-14 08:45:38,487 INFO     Radky v csv u POSIdentu 
Vm+8vMmIsWsvcxR9zMDL9Cy+E0ZgHj9AJ3kwMqaLxguXn6wJcfM3e3LWpd7RzRxm3woikNUtGPF45crUFMpAsfsa/Bmx4YzTqTFCj0vhoQY= aktualizovany
2021-10-14 08:45:38,488 INFO     Radky v csv u POSIdentu 
T/sOfNBmULfA5GzBpJRYu3UWEwhw4PFYydRQSh7x1PSc4RTRLXYaXTfpbt2Da17zSJPbQDKce+cHMMQVCVBRj9+U8wwRYYTBTgLsWbpMpuY= aktualizovany
2021-10-14 08:45:38,492 INFO     Radky v csv u POSIdentu 
lWpFU3UmWlpSe8TtpUMRBCFflbRtrT1aEpzxnv1MEXnpCGhTicndBKbyJjsfMJMdgH+U78n9GU5DNm6bXxNhnC2JU2MIzwpJObcy4n2Baqk= aktualizovany
2021-10-14 08:45:38,497 INFO     Radky v csv u POSIdentu 
mDkas+QvEOd4+XBxuIW4Da3aEEdBAod5OJM/9la0ivdkMk7DTs9DqRZEI5Lc3wAC7Yb1sw4kp/JEFP3nnG2ZcPT36EJYO+EfrC0OlzewTfM= aktualizovany
2021-10-14 08:45:38,498 INFO     Radky v csv u POSIdentu 
7TsaZA7GFeEVxMscggvr2LkRAZwqfDywZ9HtkoX92fdNI/VFseD7SjfY8rJ7IlS7o2MG7D4mG56FZUTFOUWW7a5GeMmtDAasGLtodOgvIOA= aktualizovany
2021-10-14 08:45:38,503 INFO     Radky v csv u POSIdentu 
yqpT3s/QygUWqCsg/azKypTOTOuJdbjB/16kQv0m5uugaHFJh8Mtp2i7sCdt71GRZixdYAzCVqEa4mNgvEjDECGf0Fby1B2nv1NdlyFQPrg= aktualizovany
2021-10-14 08:45:38,504 INFO     Radky v csv u POSIdentu 
Z3anPBTLRy4YQTD0UgZkTJ+keVuWZ8j50lI8whQPyaERWuqwwnwsnvPL5JvmjhqosP5ukUJEFe29IEnCIx6/MSQ0jCVnAyGflCmCnQBnc3JQLWVD9vLnWZYbgp+9oL3r aktualizovany
2021-10-14 08:45:38,509 INFO     Radky v csv u POSIdentu 
i0/Tr+VNmKgY+wJydNVJbCob8vQemEnjdn3A2r2ffhs8dz4IHH2H2AVcFvTyEOe3ci6MD33ZHXqEu8Lr8L1xtG3SHwhy2TBVM3bEa6vFpMbxj5wBXmFfT/QAGRrOqWBN aktualizovany
2021-10-14 08:45:38,510 INFO     Radky v csv u POSIdentu 
/AOrBGOFR+4GtqsAvOXC/3kKd0OCEPBVRfEsIPHeW3CoGcU1dio8gmrulsH5/KEvySRvbRT2hlDOXICKukDLldMgNY5z+yASe8F1rqBlKug=
 aktualizovany
2021-10-14 08:45:38,514 INFO     Pocet dotazovanych posidentu: 10.
2021-10-14 08:45:38,515 INFO     Pocet pozadavku do ktereho byl dotaz rozdelen: 1.
2021-10-14 08:45:38,515 INFO     Pocet uspesne stazenych posidentu: 10
2021-10-14 08:45:38,521 INFO     Neplatny identifikator: 0x.
2021-10-14 08:45:38,522 INFO     Expirovany identifikator: 0x.
2021-10-14 08:45:38,526 INFO     Opravneny subjekt neexistuje: 0x.
